11:31:18,095  INFO [Cobra2DEngine] - Cobra2DEngine - Environment initialized.
11:31:18,098  INFO [Cobra2DEngine] - Configured using renderer.
11:31:18,098  INFO [Cobra2DEngine] - Configured performing map updates.
11:31:18,098  INFO [Cobra2DEngine] - Configured using keyboard controller.
11:31:18,099  INFO [Cobra2DEngine] - Configured using 1280x480 for rendering dimensions.
11:31:18,099  INFO [Cobra2DEngine] - Configured using 32 bit depth.
11:31:18,099  INFO [Cobra2DEngine] - 60 Hz refresh rate requested by configuration.
11:31:18,099  INFO [Cobra2DEngine] - 100 frames per second requested by configuration.
11:31:19,008  INFO [Cobra2DEngine] - Renderer initialized.
11:31:35,983  INFO [Cobra2DEngine] - Pausing engine to save level state.
11:31:36,206  INFO [Cobra2DEngine] - Failed to save levelfile.
java.lang.ArrayIndexOutOfBoundsException: -1
	at com.thoughtworks.xstream.core.util.OrderRetainingMap.entrySet(OrderRetainingMap.java:77)
	at java.util.HashMap.putMapEntries(HashMap.java:511)
	at java.util.HashMap.putAll(HashMap.java:784)
	at com.thoughtworks.xstream.core.util.OrderRetainingMap.<init>(OrderRetainingMap.java:36)
	at com.thoughtworks.xstream.converters.reflection.FieldDictionary.buildMap(FieldDictionary.java:135)
	at com.thoughtworks.xstream.converters.reflection.FieldDictionary.fieldsFor(FieldDictionary.java:76)
	at com.thoughtworks.xstream.converters.reflection.PureJavaReflectionProvider.visitSerializableFields(PureJavaReflectionProvider.java:126)
	at com.thoughtworks.xstream.converters.reflection.AbstractReflectionConverter.doMarshal(AbstractReflectionConverter.java:81)
	at com.thoughtworks.xstream.converters.reflection.AbstractReflectionConverter.marshal(AbstractReflectionConverter.java:72)
	at com.thoughtworks.xstream.core.AbstractReferenceMarshaller.convert(AbstractReferenceMarshaller.java:69)
	at com.thoughtworks.xstream.core.TreeMarshaller.convertAnother(TreeMarshaller.java:58)
	at com.thoughtworks.xstream.core.TreeMarshaller.convertAnother(TreeMarshaller.java:43)
	at com.thoughtworks.xstream.core.AbstractReferenceMarshaller$1.convertAnother(AbstractReferenceMarshaller.java:88)
	at com.thoughtworks.xstream.converters.collections.AbstractCollectionConverter.writeItem(AbstractCollectionConverter.java:64)
	at com.thoughtworks.xstream.converters.collections.CollectionConverter.marshal(CollectionConverter.java:55)
	at com.thoughtworks.xstream.core.AbstractReferenceMarshaller.convert(AbstractReferenceMarshaller.java:69)
	at com.thoughtworks.xstream.core.TreeMarshaller.convertAnother(TreeMarshaller.java:58)
	at com.thoughtworks.xstream.core.AbstractReferenceMarshaller$1.convertAnother(AbstractReferenceMarshaller.java:84)
	at com.thoughtworks.xstream.converters.reflection.AbstractReflectionConverter.marshallField(AbstractReflectionConverter.java:229)
	at com.thoughtworks.xstream.converters.reflection.AbstractReflectionConverter$2.writeField(AbstractReflectionConverter.java:208)
	at com.thoughtworks.xstream.converters.reflection.AbstractReflectionConverter$2.<init>(AbstractReflectionConverter.java:171)
	at com.thoughtworks.xstream.converters.reflection.AbstractReflectionConverter.doMarshal(AbstractReflectionConverter.java:116)
	at com.thoughtworks.xstream.converters.reflection.AbstractReflectionConverter.marshal(AbstractReflectionConverter.java:72)
	at com.thoughtworks.xstream.core.AbstractReferenceMarshaller.convert(AbstractReferenceMarshaller.java:69)
	at com.thoughtworks.xstream.core.TreeMarshaller.convertAnother(TreeMarshaller.java:58)
	at com.thoughtworks.xstream.core.AbstractReferenceMarshaller$1.convertAnother(AbstractReferenceMarshaller.java:84)
	at com.thoughtworks.xstream.converters.reflection.AbstractReflectionConverter.marshallField(AbstractReflectionConverter.java:229)
	at com.thoughtworks.xstream.converters.reflection.AbstractReflectionConverter$2.writeField(AbstractReflectionConverter.java:208)
	at com.thoughtworks.xstream.converters.reflection.AbstractReflectionConverter$2.<init>(AbstractReflectionConverter.java:171)
	at com.thoughtworks.xstream.converters.reflection.AbstractReflectionConverter.doMarshal(AbstractReflectionConverter.java:116)
	at com.thoughtworks.xstream.converters.reflection.AbstractReflectionConverter.marshal(AbstractReflectionConverter.java:72)
	at com.thoughtworks.xstream.core.AbstractReferenceMarshaller.convert(AbstractReferenceMarshaller.java:69)
	at com.thoughtworks.xstream.core.TreeMarshaller.convertAnother(TreeMarshaller.java:58)
	at com.thoughtworks.xstream.core.TreeMarshaller.convertAnother(TreeMarshaller.java:43)
	at com.thoughtworks.xstream.core.TreeMarshaller.start(TreeMarshaller.java:82)
	at com.thoughtworks.xstream.core.AbstractTreeMarshallingStrategy.marshal(AbstractTreeMarshallingStrategy.java:37)
	at com.thoughtworks.xstream.XStream.marshal(XStream.java:895)
	at com.thoughtworks.xstream.XStream.marshal(XStream.java:884)
	at com.thoughtworks.xstream.XStream.toXML(XStream.java:872)
	at de.schuette.cobra2D.system.Cobra2DLoader.serialize(Cobra2DLoader.java:48)
	at de.schuette.cobra2D.system.Cobra2DLoader.saveLevel(Cobra2DLoader.java:31)
	at de.schuette.cobra2D.system.Cobra2DEngine.saveLevel(Cobra2DEngine.java:511)
	at de.schuette.cobra2DSandbox.camera.AdvancedMapCamera.saveLevelSnapshot(AdvancedMapCamera.java:101)
	at de.schuette.cobra2DSandbox.camera.AdvancedMapCamera.keyPressed(AdvancedMapCamera.java:77)
	at de.schuette.cobra2D.controller.SinglePlayerController.keyPressed(SinglePlayerController.java:43)
	at java.awt.Component.processKeyEvent(Component.java:6491)
	at java.awt.Component.processEvent(Component.java:6310)
	at java.awt.Container.processEvent(Container.java:2236)
	at java.awt.Window.processEvent(Window.java:2025)
	at java.awt.Component.dispatchEventImpl(Component.java:4889)
	at java.awt.Container.dispatchEventImpl(Container.java:2294)
	at java.awt.Window.dispatchEventImpl(Window.java:2746)
	at java.awt.Component.dispatchEvent(Component.java:4711)
	at java.awt.KeyboardFocusManager.redispatchEvent(KeyboardFocusManager.java:1954)
	at java.awt.DefaultKeyboardFocusManager.dispatchKeyEvent(DefaultKeyboardFocusManager.java:806)
	at java.awt.DefaultKeyboardFocusManager.preDispatchKeyEvent(DefaultKeyboardFocusManager.java:1074)
	at java.awt.DefaultKeyboardFocusManager.typeAheadAssertions(DefaultKeyboardFocusManager.java:945)
	at java.awt.DefaultKeyboardFocusManager.dispatchEvent(DefaultKeyboardFocusManager.java:771)
	at java.awt.Component.dispatchEventImpl(Component.java:4760)
	at java.awt.Container.dispatchEventImpl(Container.java:2294)
	at java.awt.Window.dispatchEventImpl(Window.java:2746)
	at java.awt.Component.dispatchEvent(Component.java:4711)
	at java.awt.EventQueue.dispatchEventImpl(EventQueue.java:758)
	at java.awt.EventQueue.access$500(EventQueue.java:97)
	at java.awt.EventQueue$3.run(EventQueue.java:709)
	at java.awt.EventQueue$3.run(EventQueue.java:703)
	at java.security.AccessController.doPrivileged(Native Method)
	at java.security.ProtectionDomain$JavaSecurityAccessImpl.doIntersectionPrivilege(ProtectionDomain.java:80)
	at java.security.ProtectionDomain$JavaSecurityAccessImpl.doIntersectionPrivilege(ProtectionDomain.java:90)
	at java.awt.EventQueue$4.run(EventQueue.java:731)
	at java.awt.EventQueue$4.run(EventQueue.java:729)
	at java.security.AccessController.doPrivileged(Native Method)
	at java.security.ProtectionDomain$JavaSecurityAccessImpl.doIntersectionPrivilege(ProtectionDomain.java:80)
	at java.awt.EventQueue.dispatchEvent(EventQueue.java:728)
	at java.awt.EventDispatchThread.pumpOneEventForFilters(EventDispatchThread.java:201)
	at java.awt.EventDispatchThread.pumpEventsForFilter(EventDispatchThread.java:116)
	at java.awt.EventDispatchThread.pumpEventsForHierarchy(EventDispatchThread.java:105)
	at java.awt.EventDispatchThread.pumpEvents(EventDispatchThread.java:101)
	at java.awt.EventDispatchThread.pumpEvents(EventDispatchThread.java:93)
	at java.awt.EventDispatchThread.run(EventDispatchThread.java:82)
11:31:36,207  INFO [Cobra2DEngine] - Engine resumed.
11:31:36,484  INFO [Cobra2DEngine] - Pausing engine to save level state.
11:31:36,487  INFO [Cobra2DEngine] - Failed to save levelfile.
java.lang.ArrayIndexOutOfBoundsException: -1
	at com.thoughtworks.xstream.core.util.OrderRetainingMap.entrySet(OrderRetainingMap.java:77)
	at java.util.HashMap.putMapEntries(HashMap.java:511)
	at java.util.HashMap.putAll(HashMap.java:784)
	at com.thoughtworks.xstream.core.util.OrderRetainingMap.<init>(OrderRetainingMap.java:36)
	at com.thoughtworks.xstream.converters.reflection.FieldDictionary.buildMap(FieldDictionary.java:135)
	at com.thoughtworks.xstream.converters.reflection.FieldDictionary.fieldsFor(FieldDictionary.java:76)
	at com.thoughtworks.xstream.converters.reflection.PureJavaReflectionProvider.visitSerializableFields(PureJavaReflectionProvider.java:126)
	at com.thoughtworks.xstream.converters.reflection.AbstractReflectionConverter.doMarshal(AbstractReflectionConverter.java:81)
	at com.thoughtworks.xstream.converters.reflection.AbstractReflectionConverter.marshal(AbstractReflectionConverter.java:72)
	at com.thoughtworks.xstream.core.AbstractReferenceMarshaller.convert(AbstractReferenceMarshaller.java:69)
	at com.thoughtworks.xstream.core.TreeMarshaller.convertAnother(TreeMarshaller.java:58)
	at com.thoughtworks.xstream.core.TreeMarshaller.convertAnother(TreeMarshaller.java:43)
	at com.thoughtworks.xstream.core.AbstractReferenceMarshaller$1.convertAnother(AbstractReferenceMarshaller.java:88)
	at com.thoughtworks.xstream.converters.collections.AbstractCollectionConverter.writeItem(AbstractCollectionConverter.java:64)
	at com.thoughtworks.xstream.converters.collections.CollectionConverter.marshal(CollectionConverter.java:55)
	at com.thoughtworks.xstream.core.AbstractReferenceMarshaller.convert(AbstractReferenceMarshaller.java:69)
	at com.thoughtworks.xstream.core.TreeMarshaller.convertAnother(TreeMarshaller.java:58)
	at com.thoughtworks.xstream.core.AbstractReferenceMarshaller$1.convertAnother(AbstractReferenceMarshaller.java:84)
	at com.thoughtworks.xstream.converters.reflection.AbstractReflectionConverter.marshallField(AbstractReflectionConverter.java:229)
	at com.thoughtworks.xstream.converters.reflection.AbstractReflectionConverter$2.writeField(AbstractReflectionConverter.java:208)
	at com.thoughtworks.xstream.converters.reflection.AbstractReflectionConverter$2.<init>(AbstractReflectionConverter.java:171)
	at com.thoughtworks.xstream.converters.reflection.AbstractReflectionConverter.doMarshal(AbstractReflectionConverter.java:116)
	at com.thoughtworks.xstream.converters.reflection.AbstractReflectionConverter.marshal(AbstractReflectionConverter.java:72)
	at com.thoughtworks.xstream.core.AbstractReferenceMarshaller.convert(AbstractReferenceMarshaller.java:69)
	at com.thoughtworks.xstream.core.TreeMarshaller.convertAnother(TreeMarshaller.java:58)
	at com.thoughtworks.xstream.core.AbstractReferenceMarshaller$1.convertAnother(AbstractReferenceMarshaller.java:84)
	at com.thoughtworks.xstream.converters.reflection.AbstractReflectionConverter.marshallField(AbstractReflectionConverter.java:229)
	at com.thoughtworks.xstream.converters.reflection.AbstractReflectionConverter$2.writeField(AbstractReflectionConverter.java:208)
	at com.thoughtworks.xstream.converters.reflection.AbstractReflectionConverter$2.<init>(AbstractReflectionConverter.java:171)
	at com.thoughtworks.xstream.converters.reflection.AbstractReflectionConverter.doMarshal(AbstractReflectionConverter.java:116)
	at com.thoughtworks.xstream.converters.reflection.AbstractReflectionConverter.marshal(AbstractReflectionConverter.java:72)
	at com.thoughtworks.xstream.core.AbstractReferenceMarshaller.convert(AbstractReferenceMarshaller.java:69)
	at com.thoughtworks.xstream.core.TreeMarshaller.convertAnother(TreeMarshaller.java:58)
	at com.thoughtworks.xstream.core.TreeMarshaller.convertAnother(TreeMarshaller.java:43)
	at com.thoughtworks.xstream.core.TreeMarshaller.start(TreeMarshaller.java:82)
	at com.thoughtworks.xstream.core.AbstractTreeMarshallingStrategy.marshal(AbstractTreeMarshallingStrategy.java:37)
	at com.thoughtworks.xstream.XStream.marshal(XStream.java:895)
	at com.thoughtworks.xstream.XStream.marshal(XStream.java:884)
	at com.thoughtworks.xstream.XStream.toXML(XStream.java:872)
	at de.schuette.cobra2D.system.Cobra2DLoader.serialize(Cobra2DLoader.java:48)
	at de.schuette.cobra2D.system.Cobra2DLoader.saveLevel(Cobra2DLoader.java:31)
	at de.schuette.cobra2D.system.Cobra2DEngine.saveLevel(Cobra2DEngine.java:511)
	at de.schuette.cobra2DSandbox.camera.AdvancedMapCamera.saveLevelSnapshot(AdvancedMapCamera.java:101)
	at de.schuette.cobra2DSandbox.camera.AdvancedMapCamera.keyPressed(AdvancedMapCamera.java:77)
	at de.schuette.cobra2D.controller.SinglePlayerController.keyPressed(SinglePlayerController.java:43)
	at java.awt.Component.processKeyEvent(Component.java:6491)
	at java.awt.Component.processEvent(Component.java:6310)
	at java.awt.Container.processEvent(Container.java:2236)
	at java.awt.Window.processEvent(Window.java:2025)
	at java.awt.Component.dispatchEventImpl(Component.java:4889)
	at java.awt.Container.dispatchEventImpl(Container.java:2294)
	at java.awt.Window.dispatchEventImpl(Window.java:2746)
	at java.awt.Component.dispatchEvent(Component.java:4711)
	at java.awt.KeyboardFocusManager.redispatchEvent(KeyboardFocusManager.java:1954)
	at java.awt.DefaultKeyboardFocusManager.dispatchKeyEvent(DefaultKeyboardFocusManager.java:806)
	at java.awt.DefaultKeyboardFocusManager.preDispatchKeyEvent(DefaultKeyboardFocusManager.java:1074)
	at java.awt.DefaultKeyboardFocusManager.typeAheadAssertions(DefaultKeyboardFocusManager.java:945)
	at java.awt.DefaultKeyboardFocusManager.dispatchEvent(DefaultKeyboardFocusManager.java:771)
	at java.awt.Component.dispatchEventImpl(Component.java:4760)
	at java.awt.Container.dispatchEventImpl(Container.java:2294)
	at java.awt.Window.dispatchEventImpl(Window.java:2746)
	at java.awt.Component.dispatchEvent(Component.java:4711)
	at java.awt.EventQueue.dispatchEventImpl(EventQueue.java:758)
	at java.awt.EventQueue.access$500(EventQueue.java:97)
	at java.awt.EventQueue$3.run(EventQueue.java:709)
	at java.awt.EventQueue$3.run(EventQueue.java:703)
	at java.security.AccessController.doPrivileged(Native Method)
	at java.security.ProtectionDomain$JavaSecurityAccessImpl.doIntersectionPrivilege(ProtectionDomain.java:80)
	at java.security.ProtectionDomain$JavaSecurityAccessImpl.doIntersectionPrivilege(ProtectionDomain.java:90)
	at java.awt.EventQueue$4.run(EventQueue.java:731)
	at java.awt.EventQueue$4.run(EventQueue.java:729)
	at java.security.AccessController.doPrivileged(Native Method)
	at java.security.ProtectionDomain$JavaSecurityAccessImpl.doIntersectionPrivilege(ProtectionDomain.java:80)
	at java.awt.EventQueue.dispatchEvent(EventQueue.java:728)
	at java.awt.EventDispatchThread.pumpOneEventForFilters(EventDispatchThread.java:201)
	at java.awt.EventDispatchThread.pumpEventsForFilter(EventDispatchThread.java:116)
	at java.awt.EventDispatchThread.pumpEventsForHierarchy(EventDispatchThread.java:105)
	at java.awt.EventDispatchThread.pumpEvents(EventDispatchThread.java:101)
	at java.awt.EventDispatchThread.pumpEvents(EventDispatchThread.java:93)
	at java.awt.EventDispatchThread.run(EventDispatchThread.java:82)
11:31:36,488  INFO [Cobra2DEngine] - Engine resumed.
11:31:36,516  INFO [Cobra2DEngine] - Pausing engine to save level state.
11:31:36,521  INFO [Cobra2DEngine] - Failed to save levelfile.
java.lang.ArrayIndexOutOfBoundsException: -1
	at com.thoughtworks.xstream.core.util.OrderRetainingMap.entrySet(OrderRetainingMap.java:77)
	at java.util.HashMap.putMapEntries(HashMap.java:511)
	at java.util.HashMap.putAll(HashMap.java:784)
	at com.thoughtworks.xstream.core.util.OrderRetainingMap.<init>(OrderRetainingMap.java:36)
	at com.thoughtworks.xstream.converters.reflection.FieldDictionary.buildMap(FieldDictionary.java:135)
	at com.thoughtworks.xstream.converters.reflection.FieldDictionary.fieldsFor(FieldDictionary.java:76)
	at com.thoughtworks.xstream.converters.reflection.PureJavaReflectionProvider.visitSerializableFields(PureJavaReflectionProvider.java:126)
	at com.thoughtworks.xstream.converters.reflection.AbstractReflectionConverter.doMarshal(AbstractReflectionConverter.java:81)
	at com.thoughtworks.xstream.converters.reflection.AbstractReflectionConverter.marshal(AbstractReflectionConverter.java:72)
	at com.thoughtworks.xstream.core.AbstractReferenceMarshaller.convert(AbstractReferenceMarshaller.java:69)
	at com.thoughtworks.xstream.core.TreeMarshaller.convertAnother(TreeMarshaller.java:58)
	at com.thoughtworks.xstream.core.TreeMarshaller.convertAnother(TreeMarshaller.java:43)
	at com.thoughtworks.xstream.core.AbstractReferenceMarshaller$1.convertAnother(AbstractReferenceMarshaller.java:88)
	at com.thoughtworks.xstream.converters.collections.AbstractCollectionConverter.writeItem(AbstractCollectionConverter.java:64)
	at com.thoughtworks.xstream.converters.collections.CollectionConverter.marshal(CollectionConverter.java:55)
	at com.thoughtworks.xstream.core.AbstractReferenceMarshaller.convert(AbstractReferenceMarshaller.java:69)
	at com.thoughtworks.xstream.core.TreeMarshaller.convertAnother(TreeMarshaller.java:58)
	at com.thoughtworks.xstream.core.AbstractReferenceMarshaller$1.convertAnother(AbstractReferenceMarshaller.java:84)
	at com.thoughtworks.xstream.converters.reflection.AbstractReflectionConverter.marshallField(AbstractReflectionConverter.java:229)
	at com.thoughtworks.xstream.converters.reflection.AbstractReflectionConverter$2.writeField(AbstractReflectionConverter.java:208)
	at com.thoughtworks.xstream.converters.reflection.AbstractReflectionConverter$2.<init>(AbstractReflectionConverter.java:171)
	at com.thoughtworks.xstream.converters.reflection.AbstractReflectionConverter.doMarshal(AbstractReflectionConverter.java:116)
	at com.thoughtworks.xstream.converters.reflection.AbstractReflectionConverter.marshal(AbstractReflectionConverter.java:72)
	at com.thoughtworks.xstream.core.AbstractReferenceMarshaller.convert(AbstractReferenceMarshaller.java:69)
	at com.thoughtworks.xstream.core.TreeMarshaller.convertAnother(TreeMarshaller.java:58)
	at com.thoughtworks.xstream.core.AbstractReferenceMarshaller$1.convertAnother(AbstractReferenceMarshaller.java:84)
	at com.thoughtworks.xstream.converters.reflection.AbstractReflectionConverter.marshallField(AbstractReflectionConverter.java:229)
	at com.thoughtworks.xstream.converters.reflection.AbstractReflectionConverter$2.writeField(AbstractReflectionConverter.java:208)
	at com.thoughtworks.xstream.converters.reflection.AbstractReflectionConverter$2.<init>(AbstractReflectionConverter.java:171)
	at com.thoughtworks.xstream.converters.reflection.AbstractReflectionConverter.doMarshal(AbstractReflectionConverter.java:116)
	at com.thoughtworks.xstream.converters.reflection.AbstractReflectionConverter.marshal(AbstractReflectionConverter.java:72)
	at com.thoughtworks.xstream.core.AbstractReferenceMarshaller.convert(AbstractReferenceMarshaller.java:69)
	at com.thoughtworks.xstream.core.TreeMarshaller.convertAnother(TreeMarshaller.java:58)
	at com.thoughtworks.xstream.core.TreeMarshaller.convertAnother(TreeMarshaller.java:43)
	at com.thoughtworks.xstream.core.TreeMarshaller.start(TreeMarshaller.java:82)
	at com.thoughtworks.xstream.core.AbstractTreeMarshallingStrategy.marshal(AbstractTreeMarshallingStrategy.java:37)
	at com.thoughtworks.xstream.XStream.marshal(XStream.java:895)
	at com.thoughtworks.xstream.XStream.marshal(XStream.java:884)
	at com.thoughtworks.xstream.XStream.toXML(XStream.java:872)
	at de.schuette.cobra2D.system.Cobra2DLoader.serialize(Cobra2DLoader.java:48)
	at de.schuette.cobra2D.system.Cobra2DLoader.saveLevel(Cobra2DLoader.java:31)
	at de.schuette.cobra2D.system.Cobra2DEngine.saveLevel(Cobra2DEngine.java:511)
	at de.schuette.cobra2DSandbox.camera.AdvancedMapCamera.saveLevelSnapshot(AdvancedMapCamera.java:101)
	at de.schuette.cobra2DSandbox.camera.AdvancedMapCamera.keyPressed(AdvancedMapCamera.java:77)
	at de.schuette.cobra2D.controller.SinglePlayerController.keyPressed(SinglePlayerController.java:43)
	at java.awt.Component.processKeyEvent(Component.java:6491)
	at java.awt.Component.processEvent(Component.java:6310)
	at java.awt.Container.processEvent(Container.java:2236)
	at java.awt.Window.processEvent(Window.java:2025)
	at java.awt.Component.dispatchEventImpl(Component.java:4889)
	at java.awt.Container.dispatchEventImpl(Container.java:2294)
	at java.awt.Window.dispatchEventImpl(Window.java:2746)
	at java.awt.Component.dispatchEvent(Component.java:4711)
	at java.awt.KeyboardFocusManager.redispatchEvent(KeyboardFocusManager.java:1954)
	at java.awt.DefaultKeyboardFocusManager.dispatchKeyEvent(DefaultKeyboardFocusManager.java:806)
	at java.awt.DefaultKeyboardFocusManager.preDispatchKeyEvent(DefaultKeyboardFocusManager.java:1074)
	at java.awt.DefaultKeyboardFocusManager.typeAheadAssertions(DefaultKeyboardFocusManager.java:945)
	at java.awt.DefaultKeyboardFocusManager.dispatchEvent(DefaultKeyboardFocusManager.java:771)
	at java.awt.Component.dispatchEventImpl(Component.java:4760)
	at java.awt.Container.dispatchEventImpl(Container.java:2294)
	at java.awt.Window.dispatchEventImpl(Window.java:2746)
	at java.awt.Component.dispatchEvent(Component.java:4711)
	at java.awt.EventQueue.dispatchEventImpl(EventQueue.java:758)
	at java.awt.EventQueue.access$500(EventQueue.java:97)
	at java.awt.EventQueue$3.run(EventQueue.java:709)
	at java.awt.EventQueue$3.run(EventQueue.java:703)
	at java.security.AccessController.doPrivileged(Native Method)
	at java.security.ProtectionDomain$JavaSecurityAccessImpl.doIntersectionPrivilege(ProtectionDomain.java:80)
	at java.security.ProtectionDomain$JavaSecurityAccessImpl.doIntersectionPrivilege(ProtectionDomain.java:90)
	at java.awt.EventQueue$4.run(EventQueue.java:731)
	at java.awt.EventQueue$4.run(EventQueue.java:729)
	at java.security.AccessController.doPrivileged(Native Method)
	at java.security.ProtectionDomain$JavaSecurityAccessImpl.doIntersectionPrivilege(ProtectionDomain.java:80)
	at java.awt.EventQueue.dispatchEvent(EventQueue.java:728)
	at java.awt.EventDispatchThread.pumpOneEventForFilters(EventDispatchThread.java:201)
	at java.awt.EventDispatchThread.pumpEventsForFilter(EventDispatchThread.java:116)
	at java.awt.EventDispatchThread.pumpEventsForHierarchy(EventDispatchThread.java:105)
	at java.awt.EventDispatchThread.pumpEvents(EventDispatchThread.java:101)
	at java.awt.EventDispatchThread.pumpEvents(EventDispatchThread.java:93)
	at java.awt.EventDispatchThread.run(EventDispatchThread.java:82)
11:31:36,522  INFO [Cobra2DEngine] - Engine resumed.
11:31:36,549  INFO [Cobra2DEngine] - Pausing engine to save level state.
11:31:36,554  INFO [Cobra2DEngine] - Failed to save levelfile.
java.lang.ArrayIndexOutOfBoundsException: -1
	at com.thoughtworks.xstream.core.util.OrderRetainingMap.entrySet(OrderRetainingMap.java:77)
	at java.util.HashMap.putMapEntries(HashMap.java:511)
	at java.util.HashMap.putAll(HashMap.java:784)
	at com.thoughtworks.xstream.core.util.OrderRetainingMap.<init>(OrderRetainingMap.java:36)
	at com.thoughtworks.xstream.converters.reflection.FieldDictionary.buildMap(FieldDictionary.java:135)
	at com.thoughtworks.xstream.converters.reflection.FieldDictionary.fieldsFor(FieldDictionary.java:76)
	at com.thoughtworks.xstream.converters.reflection.PureJavaReflectionProvider.visitSerializableFields(PureJavaReflectionProvider.java:126)
	at com.thoughtworks.xstream.converters.reflection.AbstractReflectionConverter.doMarshal(AbstractReflectionConverter.java:81)
	at com.thoughtworks.xstream.converters.reflection.AbstractReflectionConverter.marshal(AbstractReflectionConverter.java:72)
	at com.thoughtworks.xstream.core.AbstractReferenceMarshaller.convert(AbstractReferenceMarshaller.java:69)
	at com.thoughtworks.xstream.core.TreeMarshaller.convertAnother(TreeMarshaller.java:58)
	at com.thoughtworks.xstream.core.TreeMarshaller.convertAnother(TreeMarshaller.java:43)
	at com.thoughtworks.xstream.core.AbstractReferenceMarshaller$1.convertAnother(AbstractReferenceMarshaller.java:88)
	at com.thoughtworks.xstream.converters.collections.AbstractCollectionConverter.writeItem(AbstractCollectionConverter.java:64)
	at com.thoughtworks.xstream.converters.collections.CollectionConverter.marshal(CollectionConverter.java:55)
	at com.thoughtworks.xstream.core.AbstractReferenceMarshaller.convert(AbstractReferenceMarshaller.java:69)
	at com.thoughtworks.xstream.core.TreeMarshaller.convertAnother(TreeMarshaller.java:58)
	at com.thoughtworks.xstream.core.AbstractReferenceMarshaller$1.convertAnother(AbstractReferenceMarshaller.java:84)
	at com.thoughtworks.xstream.converters.reflection.AbstractReflectionConverter.marshallField(AbstractReflectionConverter.java:229)
	at com.thoughtworks.xstream.converters.reflection.AbstractReflectionConverter$2.writeField(AbstractReflectionConverter.java:208)
	at com.thoughtworks.xstream.converters.reflection.AbstractReflectionConverter$2.<init>(AbstractReflectionConverter.java:171)
	at com.thoughtworks.xstream.converters.reflection.AbstractReflectionConverter.doMarshal(AbstractReflectionConverter.java:116)
	at com.thoughtworks.xstream.converters.reflection.AbstractReflectionConverter.marshal(AbstractReflectionConverter.java:72)
	at com.thoughtworks.xstream.core.AbstractReferenceMarshaller.convert(AbstractReferenceMarshaller.java:69)
	at com.thoughtworks.xstream.core.TreeMarshaller.convertAnother(TreeMarshaller.java:58)
	at com.thoughtworks.xstream.core.AbstractReferenceMarshaller$1.convertAnother(AbstractReferenceMarshaller.java:84)
	at com.thoughtworks.xstream.converters.reflection.AbstractReflectionConverter.marshallField(AbstractReflectionConverter.java:229)
	at com.thoughtworks.xstream.converters.reflection.AbstractReflectionConverter$2.writeField(AbstractReflectionConverter.java:208)
	at com.thoughtworks.xstream.converters.reflection.AbstractReflectionConverter$2.<init>(AbstractReflectionConverter.java:171)
	at com.thoughtworks.xstream.converters.reflection.AbstractReflectionConverter.doMarshal(AbstractReflectionConverter.java:116)
	at com.thoughtworks.xstream.converters.reflection.AbstractReflectionConverter.marshal(AbstractReflectionConverter.java:72)
	at com.thoughtworks.xstream.core.AbstractReferenceMarshaller.convert(AbstractReferenceMarshaller.java:69)
	at com.thoughtworks.xstream.core.TreeMarshaller.convertAnother(TreeMarshaller.java:58)
	at com.thoughtworks.xstream.core.TreeMarshaller.convertAnother(TreeMarshaller.java:43)
	at com.thoughtworks.xstream.core.TreeMarshaller.start(TreeMarshaller.java:82)
	at com.thoughtworks.xstream.core.AbstractTreeMarshallingStrategy.marshal(AbstractTreeMarshallingStrategy.java:37)
	at com.thoughtworks.xstream.XStream.marshal(XStream.java:895)
	at com.thoughtworks.xstream.XStream.marshal(XStream.java:884)
	at com.thoughtworks.xstream.XStream.toXML(XStream.java:872)
	at de.schuette.cobra2D.system.Cobra2DLoader.serialize(Cobra2DLoader.java:48)
	at de.schuette.cobra2D.system.Cobra2DLoader.saveLevel(Cobra2DLoader.java:31)
	at de.schuette.cobra2D.system.Cobra2DEngine.saveLevel(Cobra2DEngine.java:511)
	at de.schuette.cobra2DSandbox.camera.AdvancedMapCamera.saveLevelSnapshot(AdvancedMapCamera.java:101)
	at de.schuette.cobra2DSandbox.camera.AdvancedMapCamera.keyPressed(AdvancedMapCamera.java:77)
	at de.schuette.cobra2D.controller.SinglePlayerController.keyPressed(SinglePlayerController.java:43)
	at java.awt.Component.processKeyEvent(Component.java:6491)
	at java.awt.Component.processEvent(Component.java:6310)
	at java.awt.Container.processEvent(Container.java:2236)
	at java.awt.Window.processEvent(Window.java:2025)
	at java.awt.Component.dispatchEventImpl(Component.java:4889)
	at java.awt.Container.dispatchEventImpl(Container.java:2294)
	at java.awt.Window.dispatchEventImpl(Window.java:2746)
	at java.awt.Component.dispatchEvent(Component.java:4711)
	at java.awt.KeyboardFocusManager.redispatchEvent(KeyboardFocusManager.java:1954)
	at java.awt.DefaultKeyboardFocusManager.dispatchKeyEvent(DefaultKeyboardFocusManager.java:806)
	at java.awt.DefaultKeyboardFocusManager.preDispatchKeyEvent(DefaultKeyboardFocusManager.java:1074)
	at java.awt.DefaultKeyboardFocusManager.typeAheadAssertions(DefaultKeyboardFocusManager.java:945)
	at java.awt.DefaultKeyboardFocusManager.dispatchEvent(DefaultKeyboardFocusManager.java:771)
	at java.awt.Component.dispatchEventImpl(Component.java:4760)
	at java.awt.Container.dispatchEventImpl(Container.java:2294)
	at java.awt.Window.dispatchEventImpl(Window.java:2746)
	at java.awt.Component.dispatchEvent(Component.java:4711)
	at java.awt.EventQueue.dispatchEventImpl(EventQueue.java:758)
	at java.awt.EventQueue.access$500(EventQueue.java:97)
	at java.awt.EventQueue$3.run(EventQueue.java:709)
	at java.awt.EventQueue$3.run(EventQueue.java:703)
	at java.security.AccessController.doPrivileged(Native Method)
	at java.security.ProtectionDomain$JavaSecurityAccessImpl.doIntersectionPrivilege(ProtectionDomain.java:80)
	at java.security.ProtectionDomain$JavaSecurityAccessImpl.doIntersectionPrivilege(ProtectionDomain.java:90)
	at java.awt.EventQueue$4.run(EventQueue.java:731)
	at java.awt.EventQueue$4.run(EventQueue.java:729)
	at java.security.AccessController.doPrivileged(Native Method)
	at java.security.ProtectionDomain$JavaSecurityAccessImpl.doIntersectionPrivilege(ProtectionDomain.java:80)
	at java.awt.EventQueue.dispatchEvent(EventQueue.java:728)
	at java.awt.EventDispatchThread.pumpOneEventForFilters(EventDispatchThread.java:201)
	at java.awt.EventDispatchThread.pumpEventsForFilter(EventDispatchThread.java:116)
	at java.awt.EventDispatchThread.pumpEventsForHierarchy(EventDispatchThread.java:105)
	at java.awt.EventDispatchThread.pumpEvents(EventDispatchThread.java:101)
	at java.awt.EventDispatchThread.pumpEvents(EventDispatchThread.java:93)
	at java.awt.EventDispatchThread.run(EventDispatchThread.java:82)
11:31:36,554  INFO [Cobra2DEngine] - Engine resumed.
11:31:36,582  INFO [Cobra2DEngine] - Pausing engine to save level state.
11:31:36,587  INFO [Cobra2DEngine] - Failed to save levelfile.
java.lang.ArrayIndexOutOfBoundsException: -1
	at com.thoughtworks.xstream.core.util.OrderRetainingMap.entrySet(OrderRetainingMap.java:77)
	at java.util.HashMap.putMapEntries(HashMap.java:511)
	at java.util.HashMap.putAll(HashMap.java:784)
	at com.thoughtworks.xstream.core.util.OrderRetainingMap.<init>(OrderRetainingMap.java:36)
	at com.thoughtworks.xstream.converters.reflection.FieldDictionary.buildMap(FieldDictionary.java:135)
	at com.thoughtworks.xstream.converters.reflection.FieldDictionary.fieldsFor(FieldDictionary.java:76)
	at com.thoughtworks.xstream.converters.reflection.PureJavaReflectionProvider.visitSerializableFields(PureJavaReflectionProvider.java:126)
	at com.thoughtworks.xstream.converters.reflection.AbstractReflectionConverter.doMarshal(AbstractReflectionConverter.java:81)
	at com.thoughtworks.xstream.converters.reflection.AbstractReflectionConverter.marshal(AbstractReflectionConverter.java:72)
	at com.thoughtworks.xstream.core.AbstractReferenceMarshaller.convert(AbstractReferenceMarshaller.java:69)
	at com.thoughtworks.xstream.core.TreeMarshaller.convertAnother(TreeMarshaller.java:58)
	at com.thoughtworks.xstream.core.TreeMarshaller.convertAnother(TreeMarshaller.java:43)
	at com.thoughtworks.xstream.core.AbstractReferenceMarshaller$1.convertAnother(AbstractReferenceMarshaller.java:88)
	at com.thoughtworks.xstream.converters.collections.AbstractCollectionConverter.writeItem(AbstractCollectionConverter.java:64)
	at com.thoughtworks.xstream.converters.collections.CollectionConverter.marshal(CollectionConverter.java:55)
	at com.thoughtworks.xstream.core.AbstractReferenceMarshaller.convert(AbstractReferenceMarshaller.java:69)
	at com.thoughtworks.xstream.core.TreeMarshaller.convertAnother(TreeMarshaller.java:58)
	at com.thoughtworks.xstream.core.AbstractReferenceMarshaller$1.convertAnother(AbstractReferenceMarshaller.java:84)
	at com.thoughtworks.xstream.converters.reflection.AbstractReflectionConverter.marshallField(AbstractReflectionConverter.java:229)
	at com.thoughtworks.xstream.converters.reflection.AbstractReflectionConverter$2.writeField(AbstractReflectionConverter.java:208)
	at com.thoughtworks.xstream.converters.reflection.AbstractReflectionConverter$2.<init>(AbstractReflectionConverter.java:171)
	at com.thoughtworks.xstream.converters.reflection.AbstractReflectionConverter.doMarshal(AbstractReflectionConverter.java:116)
	at com.thoughtworks.xstream.converters.reflection.AbstractReflectionConverter.marshal(AbstractReflectionConverter.java:72)
	at com.thoughtworks.xstream.core.AbstractReferenceMarshaller.convert(AbstractReferenceMarshaller.java:69)
	at com.thoughtworks.xstream.core.TreeMarshaller.convertAnother(TreeMarshaller.java:58)
	at com.thoughtworks.xstream.core.AbstractReferenceMarshaller$1.convertAnother(AbstractReferenceMarshaller.java:84)
	at com.thoughtworks.xstream.converters.reflection.AbstractReflectionConverter.marshallField(AbstractReflectionConverter.java:229)
	at com.thoughtworks.xstream.converters.reflection.AbstractReflectionConverter$2.writeField(AbstractReflectionConverter.java:208)
	at com.thoughtworks.xstream.converters.reflection.AbstractReflectionConverter$2.<init>(AbstractReflectionConverter.java:171)
	at com.thoughtworks.xstream.converters.reflection.AbstractReflectionConverter.doMarshal(AbstractReflectionConverter.java:116)
	at com.thoughtworks.xstream.converters.reflection.AbstractReflectionConverter.marshal(AbstractReflectionConverter.java:72)
	at com.thoughtworks.xstream.core.AbstractReferenceMarshaller.convert(AbstractReferenceMarshaller.java:69)
	at com.thoughtworks.xstream.core.TreeMarshaller.convertAnother(TreeMarshaller.java:58)
	at com.thoughtworks.xstream.core.TreeMarshaller.convertAnother(TreeMarshaller.java:43)
	at com.thoughtworks.xstream.core.TreeMarshaller.start(TreeMarshaller.java:82)
	at com.thoughtworks.xstream.core.AbstractTreeMarshallingStrategy.marshal(AbstractTreeMarshallingStrategy.java:37)
	at com.thoughtworks.xstream.XStream.marshal(XStream.java:895)
	at com.thoughtworks.xstream.XStream.marshal(XStream.java:884)
	at com.thoughtworks.xstream.XStream.toXML(XStream.java:872)
	at de.schuette.cobra2D.system.Cobra2DLoader.serialize(Cobra2DLoader.java:48)
	at de.schuette.cobra2D.system.Cobra2DLoader.saveLevel(Cobra2DLoader.java:31)
	at de.schuette.cobra2D.system.Cobra2DEngine.saveLevel(Cobra2DEngine.java:511)
	at de.schuette.cobra2DSandbox.camera.AdvancedMapCamera.saveLevelSnapshot(AdvancedMapCamera.java:101)
	at de.schuette.cobra2DSandbox.camera.AdvancedMapCamera.keyPressed(AdvancedMapCamera.java:77)
	at de.schuette.cobra2D.controller.SinglePlayerController.keyPressed(SinglePlayerController.java:43)
	at java.awt.Component.processKeyEvent(Component.java:6491)
	at java.awt.Component.processEvent(Component.java:6310)
	at java.awt.Container.processEvent(Container.java:2236)
	at java.awt.Window.processEvent(Window.java:2025)
	at java.awt.Component.dispatchEventImpl(Component.java:4889)
	at java.awt.Container.dispatchEventImpl(Container.java:2294)
	at java.awt.Window.dispatchEventImpl(Window.java:2746)
	at java.awt.Component.dispatchEvent(Component.java:4711)
	at java.awt.KeyboardFocusManager.redispatchEvent(KeyboardFocusManager.java:1954)
	at java.awt.DefaultKeyboardFocusManager.dispatchKeyEvent(DefaultKeyboardFocusManager.java:806)
	at java.awt.DefaultKeyboardFocusManager.preDispatchKeyEvent(DefaultKeyboardFocusManager.java:1074)
	at java.awt.DefaultKeyboardFocusManager.typeAheadAssertions(DefaultKeyboardFocusManager.java:945)
	at java.awt.DefaultKeyboardFocusManager.dispatchEvent(DefaultKeyboardFocusManager.java:771)
	at java.awt.Component.dispatchEventImpl(Component.java:4760)
	at java.awt.Container.dispatchEventImpl(Container.java:2294)
	at java.awt.Window.dispatchEventImpl(Window.java:2746)
	at java.awt.Component.dispatchEvent(Component.java:4711)
	at java.awt.EventQueue.dispatchEventImpl(EventQueue.java:758)
	at java.awt.EventQueue.access$500(EventQueue.java:97)
	at java.awt.EventQueue$3.run(EventQueue.java:709)
	at java.awt.EventQueue$3.run(EventQueue.java:703)
	at java.security.AccessController.doPrivileged(Native Method)
	at java.security.ProtectionDomain$JavaSecurityAccessImpl.doIntersectionPrivilege(ProtectionDomain.java:80)
	at java.security.ProtectionDomain$JavaSecurityAccessImpl.doIntersectionPrivilege(ProtectionDomain.java:90)
	at java.awt.EventQueue$4.run(EventQueue.java:731)
	at java.awt.EventQueue$4.run(EventQueue.java:729)
	at java.security.AccessController.doPrivileged(Native Method)
	at java.security.ProtectionDomain$JavaSecurityAccessImpl.doIntersectionPrivilege(ProtectionDomain.java:80)
	at java.awt.EventQueue.dispatchEvent(EventQueue.java:728)
	at java.awt.EventDispatchThread.pumpOneEventForFilters(EventDispatchThread.java:201)
	at java.awt.EventDispatchThread.pumpEventsForFilter(EventDispatchThread.java:116)
	at java.awt.EventDispatchThread.pumpEventsForHierarchy(EventDispatchThread.java:105)
	at java.awt.EventDispatchThread.pumpEvents(EventDispatchThread.java:101)
	at java.awt.EventDispatchThread.pumpEvents(EventDispatchThread.java:93)
	at java.awt.EventDispatchThread.run(EventDispatchThread.java:82)
11:31:36,587  INFO [Cobra2DEngine] - Engine resumed.
11:31:36,615  INFO [Cobra2DEngine] - Pausing engine to save level state.
11:31:36,620  INFO [Cobra2DEngine] - Failed to save levelfile.
java.lang.ArrayIndexOutOfBoundsException: -1
	at com.thoughtworks.xstream.core.util.OrderRetainingMap.entrySet(OrderRetainingMap.java:77)
	at java.util.HashMap.putMapEntries(HashMap.java:511)
	at java.util.HashMap.putAll(HashMap.java:784)
	at com.thoughtworks.xstream.core.util.OrderRetainingMap.<init>(OrderRetainingMap.java:36)
	at com.thoughtworks.xstream.converters.reflection.FieldDictionary.buildMap(FieldDictionary.java:135)
	at com.thoughtworks.xstream.converters.reflection.FieldDictionary.fieldsFor(FieldDictionary.java:76)
	at com.thoughtworks.xstream.converters.reflection.PureJavaReflectionProvider.visitSerializableFields(PureJavaReflectionProvider.java:126)
	at com.thoughtworks.xstream.converters.reflection.AbstractReflectionConverter.doMarshal(AbstractReflectionConverter.java:81)
	at com.thoughtworks.xstream.converters.reflection.AbstractReflectionConverter.marshal(AbstractReflectionConverter.java:72)
	at com.thoughtworks.xstream.core.AbstractReferenceMarshaller.convert(AbstractReferenceMarshaller.java:69)
	at com.thoughtworks.xstream.core.TreeMarshaller.convertAnother(TreeMarshaller.java:58)
	at com.thoughtworks.xstream.core.TreeMarshaller.convertAnother(TreeMarshaller.java:43)
	at com.thoughtworks.xstream.core.AbstractReferenceMarshaller$1.convertAnother(AbstractReferenceMarshaller.java:88)
	at com.thoughtworks.xstream.converters.collections.AbstractCollectionConverter.writeItem(AbstractCollectionConverter.java:64)
	at com.thoughtworks.xstream.converters.collections.CollectionConverter.marshal(CollectionConverter.java:55)
	at com.thoughtworks.xstream.core.AbstractReferenceMarshaller.convert(AbstractReferenceMarshaller.java:69)
	at com.thoughtworks.xstream.core.TreeMarshaller.convertAnother(TreeMarshaller.java:58)
	at com.thoughtworks.xstream.core.AbstractReferenceMarshaller$1.convertAnother(AbstractReferenceMarshaller.java:84)
	at com.thoughtworks.xstream.converters.reflection.AbstractReflectionConverter.marshallField(AbstractReflectionConverter.java:229)
	at com.thoughtworks.xstream.converters.reflection.AbstractReflectionConverter$2.writeField(AbstractReflectionConverter.java:208)
	at com.thoughtworks.xstream.converters.reflection.AbstractReflectionConverter$2.<init>(AbstractReflectionConverter.java:171)
	at com.thoughtworks.xstream.converters.reflection.AbstractReflectionConverter.doMarshal(AbstractReflectionConverter.java:116)
	at com.thoughtworks.xstream.converters.reflection.AbstractReflectionConverter.marshal(AbstractReflectionConverter.java:72)
	at com.thoughtworks.xstream.core.AbstractReferenceMarshaller.convert(AbstractReferenceMarshaller.java:69)
	at com.thoughtworks.xstream.core.TreeMarshaller.convertAnother(TreeMarshaller.java:58)
	at com.thoughtworks.xstream.core.AbstractReferenceMarshaller$1.convertAnother(AbstractReferenceMarshaller.java:84)
	at com.thoughtworks.xstream.converters.reflection.AbstractReflectionConverter.marshallField(AbstractReflectionConverter.java:229)
	at com.thoughtworks.xstream.converters.reflection.AbstractReflectionConverter$2.writeField(AbstractReflectionConverter.java:208)
	at com.thoughtworks.xstream.converters.reflection.AbstractReflectionConverter$2.<init>(AbstractReflectionConverter.java:171)
	at com.thoughtworks.xstream.converters.reflection.AbstractReflectionConverter.doMarshal(AbstractReflectionConverter.java:116)
	at com.thoughtworks.xstream.converters.reflection.AbstractReflectionConverter.marshal(AbstractReflectionConverter.java:72)
	at com.thoughtworks.xstream.core.AbstractReferenceMarshaller.convert(AbstractReferenceMarshaller.java:69)
	at com.thoughtworks.xstream.core.TreeMarshaller.convertAnother(TreeMarshaller.java:58)
	at com.thoughtworks.xstream.core.TreeMarshaller.convertAnother(TreeMarshaller.java:43)
	at com.thoughtworks.xstream.core.TreeMarshaller.start(TreeMarshaller.java:82)
	at com.thoughtworks.xstream.core.AbstractTreeMarshallingStrategy.marshal(AbstractTreeMarshallingStrategy.java:37)
	at com.thoughtworks.xstream.XStream.marshal(XStream.java:895)
	at com.thoughtworks.xstream.XStream.marshal(XStream.java:884)
	at com.thoughtworks.xstream.XStream.toXML(XStream.java:872)
	at de.schuette.cobra2D.system.Cobra2DLoader.serialize(Cobra2DLoader.java:48)
	at de.schuette.cobra2D.system.Cobra2DLoader.saveLevel(Cobra2DLoader.java:31)
	at de.schuette.cobra2D.system.Cobra2DEngine.saveLevel(Cobra2DEngine.java:511)
	at de.schuette.cobra2DSandbox.camera.AdvancedMapCamera.saveLevelSnapshot(AdvancedMapCamera.java:101)
	at de.schuette.cobra2DSandbox.camera.AdvancedMapCamera.keyPressed(AdvancedMapCamera.java:77)
	at de.schuette.cobra2D.controller.SinglePlayerController.keyPressed(SinglePlayerController.java:43)
	at java.awt.Component.processKeyEvent(Component.java:6491)
	at java.awt.Component.processEvent(Component.java:6310)
	at java.awt.Container.processEvent(Container.java:2236)
	at java.awt.Window.processEvent(Window.java:2025)
	at java.awt.Component.dispatchEventImpl(Component.java:4889)
	at java.awt.Container.dispatchEventImpl(Container.java:2294)
	at java.awt.Window.dispatchEventImpl(Window.java:2746)
	at java.awt.Component.dispatchEvent(Component.java:4711)
	at java.awt.KeyboardFocusManager.redispatchEvent(KeyboardFocusManager.java:1954)
	at java.awt.DefaultKeyboardFocusManager.dispatchKeyEvent(DefaultKeyboardFocusManager.java:806)
	at java.awt.DefaultKeyboardFocusManager.preDispatchKeyEvent(DefaultKeyboardFocusManager.java:1074)
	at java.awt.DefaultKeyboardFocusManager.typeAheadAssertions(DefaultKeyboardFocusManager.java:945)
	at java.awt.DefaultKeyboardFocusManager.dispatchEvent(DefaultKeyboardFocusManager.java:771)
	at java.awt.Component.dispatchEventImpl(Component.java:4760)
	at java.awt.Container.dispatchEventImpl(Container.java:2294)
	at java.awt.Window.dispatchEventImpl(Window.java:2746)
	at java.awt.Component.dispatchEvent(Component.java:4711)
	at java.awt.EventQueue.dispatchEventImpl(EventQueue.java:758)
	at java.awt.EventQueue.access$500(EventQueue.java:97)
	at java.awt.EventQueue$3.run(EventQueue.java:709)
	at java.awt.EventQueue$3.run(EventQueue.java:703)
	at java.security.AccessController.doPrivileged(Native Method)
	at java.security.ProtectionDomain$JavaSecurityAccessImpl.doIntersectionPrivilege(ProtectionDomain.java:80)
	at java.security.ProtectionDomain$JavaSecurityAccessImpl.doIntersectionPrivilege(ProtectionDomain.java:90)
	at java.awt.EventQueue$4.run(EventQueue.java:731)
	at java.awt.EventQueue$4.run(EventQueue.java:729)
	at java.security.AccessController.doPrivileged(Native Method)
	at java.security.ProtectionDomain$JavaSecurityAccessImpl.doIntersectionPrivilege(ProtectionDomain.java:80)
	at java.awt.EventQueue.dispatchEvent(EventQueue.java:728)
	at java.awt.EventDispatchThread.pumpOneEventForFilters(EventDispatchThread.java:201)
	at java.awt.EventDispatchThread.pumpEventsForFilter(EventDispatchThread.java:116)
	at java.awt.EventDispatchThread.pumpEventsForHierarchy(EventDispatchThread.java:105)
	at java.awt.EventDispatchThread.pumpEvents(EventDispatchThread.java:101)
	at java.awt.EventDispatchThread.pumpEvents(EventDispatchThread.java:93)
	at java.awt.EventDispatchThread.run(EventDispatchThread.java:82)
11:31:36,620  INFO [Cobra2DEngine] - Engine resumed.
11:31:36,648  INFO [Cobra2DEngine] - Pausing engine to save level state.
11:31:36,653  INFO [Cobra2DEngine] - Failed to save levelfile.
java.lang.ArrayIndexOutOfBoundsException: -1
	at com.thoughtworks.xstream.core.util.OrderRetainingMap.entrySet(OrderRetainingMap.java:77)
	at java.util.HashMap.putMapEntries(HashMap.java:511)
	at java.util.HashMap.putAll(HashMap.java:784)
	at com.thoughtworks.xstream.core.util.OrderRetainingMap.<init>(OrderRetainingMap.java:36)
	at com.thoughtworks.xstream.converters.reflection.FieldDictionary.buildMap(FieldDictionary.java:135)
	at com.thoughtworks.xstream.converters.reflection.FieldDictionary.fieldsFor(FieldDictionary.java:76)
	at com.thoughtworks.xstream.converters.reflection.PureJavaReflectionProvider.visitSerializableFields(PureJavaReflectionProvider.java:126)
	at com.thoughtworks.xstream.converters.reflection.AbstractReflectionConverter.doMarshal(AbstractReflectionConverter.java:81)
	at com.thoughtworks.xstream.converters.reflection.AbstractReflectionConverter.marshal(AbstractReflectionConverter.java:72)
	at com.thoughtworks.xstream.core.AbstractReferenceMarshaller.convert(AbstractReferenceMarshaller.java:69)
	at com.thoughtworks.xstream.core.TreeMarshaller.convertAnother(TreeMarshaller.java:58)
	at com.thoughtworks.xstream.core.TreeMarshaller.convertAnother(TreeMarshaller.java:43)
	at com.thoughtworks.xstream.core.AbstractReferenceMarshaller$1.convertAnother(AbstractReferenceMarshaller.java:88)
	at com.thoughtworks.xstream.converters.collections.AbstractCollectionConverter.writeItem(AbstractCollectionConverter.java:64)
	at com.thoughtworks.xstream.converters.collections.CollectionConverter.marshal(CollectionConverter.java:55)
	at com.thoughtworks.xstream.core.AbstractReferenceMarshaller.convert(AbstractReferenceMarshaller.java:69)
	at com.thoughtworks.xstream.core.TreeMarshaller.convertAnother(TreeMarshaller.java:58)
	at com.thoughtworks.xstream.core.AbstractReferenceMarshaller$1.convertAnother(AbstractReferenceMarshaller.java:84)
	at com.thoughtworks.xstream.converters.reflection.AbstractReflectionConverter.marshallField(AbstractReflectionConverter.java:229)
	at com.thoughtworks.xstream.converters.reflection.AbstractReflectionConverter$2.writeField(AbstractReflectionConverter.java:208)
	at com.thoughtworks.xstream.converters.reflection.AbstractReflectionConverter$2.<init>(AbstractReflectionConverter.java:171)
	at com.thoughtworks.xstream.converters.reflection.AbstractReflectionConverter.doMarshal(AbstractReflectionConverter.java:116)
	at com.thoughtworks.xstream.converters.reflection.AbstractReflectionConverter.marshal(AbstractReflectionConverter.java:72)
	at com.thoughtworks.xstream.core.AbstractReferenceMarshaller.convert(AbstractReferenceMarshaller.java:69)
	at com.thoughtworks.xstream.core.TreeMarshaller.convertAnother(TreeMarshaller.java:58)
	at com.thoughtworks.xstream.core.AbstractReferenceMarshaller$1.convertAnother(AbstractReferenceMarshaller.java:84)
	at com.thoughtworks.xstream.converters.reflection.AbstractReflectionConverter.marshallField(AbstractReflectionConverter.java:229)
	at com.thoughtworks.xstream.converters.reflection.AbstractReflectionConverter$2.writeField(AbstractReflectionConverter.java:208)
	at com.thoughtworks.xstream.converters.reflection.AbstractReflectionConverter$2.<init>(AbstractReflectionConverter.java:171)
	at com.thoughtworks.xstream.converters.reflection.AbstractReflectionConverter.doMarshal(AbstractReflectionConverter.java:116)
	at com.thoughtworks.xstream.converters.reflection.AbstractReflectionConverter.marshal(AbstractReflectionConverter.java:72)
	at com.thoughtworks.xstream.core.AbstractReferenceMarshaller.convert(AbstractReferenceMarshaller.java:69)
	at com.thoughtworks.xstream.core.TreeMarshaller.convertAnother(TreeMarshaller.java:58)
	at com.thoughtworks.xstream.core.TreeMarshaller.convertAnother(TreeMarshaller.java:43)
	at com.thoughtworks.xstream.core.TreeMarshaller.start(TreeMarshaller.java:82)
	at com.thoughtworks.xstream.core.AbstractTreeMarshallingStrategy.marshal(AbstractTreeMarshallingStrategy.java:37)
	at com.thoughtworks.xstream.XStream.marshal(XStream.java:895)
	at com.thoughtworks.xstream.XStream.marshal(XStream.java:884)
	at com.thoughtworks.xstream.XStream.toXML(XStream.java:872)
	at de.schuette.cobra2D.system.Cobra2DLoader.serialize(Cobra2DLoader.java:48)
	at de.schuette.cobra2D.system.Cobra2DLoader.saveLevel(Cobra2DLoader.java:31)
	at de.schuette.cobra2D.system.Cobra2DEngine.saveLevel(Cobra2DEngine.java:511)
	at de.schuette.cobra2DSandbox.camera.AdvancedMapCamera.saveLevelSnapshot(AdvancedMapCamera.java:101)
	at de.schuette.cobra2DSandbox.camera.AdvancedMapCamera.keyPressed(AdvancedMapCamera.java:77)
	at de.schuette.cobra2D.controller.SinglePlayerController.keyPressed(SinglePlayerController.java:43)
	at java.awt.Component.processKeyEvent(Component.java:6491)
	at java.awt.Component.processEvent(Component.java:6310)
	at java.awt.Container.processEvent(Container.java:2236)
	at java.awt.Window.processEvent(Window.java:2025)
	at java.awt.Component.dispatchEventImpl(Component.java:4889)
	at java.awt.Container.dispatchEventImpl(Container.java:2294)
	at java.awt.Window.dispatchEventImpl(Window.java:2746)
	at java.awt.Component.dispatchEvent(Component.java:4711)
	at java.awt.KeyboardFocusManager.redispatchEvent(KeyboardFocusManager.java:1954)
	at java.awt.DefaultKeyboardFocusManager.dispatchKeyEvent(DefaultKeyboardFocusManager.java:806)
	at java.awt.DefaultKeyboardFocusManager.preDispatchKeyEvent(DefaultKeyboardFocusManager.java:1074)
	at java.awt.DefaultKeyboardFocusManager.typeAheadAssertions(DefaultKeyboardFocusManager.java:945)
	at java.awt.DefaultKeyboardFocusManager.dispatchEvent(DefaultKeyboardFocusManager.java:771)
	at java.awt.Component.dispatchEventImpl(Component.java:4760)
	at java.awt.Container.dispatchEventImpl(Container.java:2294)
	at java.awt.Window.dispatchEventImpl(Window.java:2746)
	at java.awt.Component.dispatchEvent(Component.java:4711)
	at java.awt.EventQueue.dispatchEventImpl(EventQueue.java:758)
	at java.awt.EventQueue.access$500(EventQueue.java:97)
	at java.awt.EventQueue$3.run(EventQueue.java:709)
	at java.awt.EventQueue$3.run(EventQueue.java:703)
	at java.security.AccessController.doPrivileged(Native Method)
	at java.security.ProtectionDomain$JavaSecurityAccessImpl.doIntersectionPrivilege(ProtectionDomain.java:80)
	at java.security.ProtectionDomain$JavaSecurityAccessImpl.doIntersectionPrivilege(ProtectionDomain.java:90)
	at java.awt.EventQueue$4.run(EventQueue.java:731)
	at java.awt.EventQueue$4.run(EventQueue.java:729)
	at java.security.AccessController.doPrivileged(Native Method)
	at java.security.ProtectionDomain$JavaSecurityAccessImpl.doIntersectionPrivilege(ProtectionDomain.java:80)
	at java.awt.EventQueue.dispatchEvent(EventQueue.java:728)
	at java.awt.EventDispatchThread.pumpOneEventForFilters(EventDispatchThread.java:201)
	at java.awt.EventDispatchThread.pumpEventsForFilter(EventDispatchThread.java:116)
	at java.awt.EventDispatchThread.pumpEventsForHierarchy(EventDispatchThread.java:105)
	at java.awt.EventDispatchThread.pumpEvents(EventDispatchThread.java:101)
	at java.awt.EventDispatchThread.pumpEvents(EventDispatchThread.java:93)
	at java.awt.EventDispatchThread.run(EventDispatchThread.java:82)
11:31:36,654  INFO [Cobra2DEngine] - Engine resumed.
11:31:36,681  INFO [Cobra2DEngine] - Pausing engine to save level state.
11:31:36,687  INFO [Cobra2DEngine] - Failed to save levelfile.
java.lang.ArrayIndexOutOfBoundsException: -1
	at com.thoughtworks.xstream.core.util.OrderRetainingMap.entrySet(OrderRetainingMap.java:77)
	at java.util.HashMap.putMapEntries(HashMap.java:511)
	at java.util.HashMap.putAll(HashMap.java:784)
	at com.thoughtworks.xstream.core.util.OrderRetainingMap.<init>(OrderRetainingMap.java:36)
	at com.thoughtworks.xstream.converters.reflection.FieldDictionary.buildMap(FieldDictionary.java:135)
	at com.thoughtworks.xstream.converters.reflection.FieldDictionary.fieldsFor(FieldDictionary.java:76)
	at com.thoughtworks.xstream.converters.reflection.PureJavaReflectionProvider.visitSerializableFields(PureJavaReflectionProvider.java:126)
	at com.thoughtworks.xstream.converters.reflection.AbstractReflectionConverter.doMarshal(AbstractReflectionConverter.java:81)
	at com.thoughtworks.xstream.converters.reflection.AbstractReflectionConverter.marshal(AbstractReflectionConverter.java:72)
	at com.thoughtworks.xstream.core.AbstractReferenceMarshaller.convert(AbstractReferenceMarshaller.java:69)
	at com.thoughtworks.xstream.core.TreeMarshaller.convertAnother(TreeMarshaller.java:58)
	at com.thoughtworks.xstream.core.TreeMarshaller.convertAnother(TreeMarshaller.java:43)
	at com.thoughtworks.xstream.core.AbstractReferenceMarshaller$1.convertAnother(AbstractReferenceMarshaller.java:88)
	at com.thoughtworks.xstream.converters.collections.AbstractCollectionConverter.writeItem(AbstractCollectionConverter.java:64)
	at com.thoughtworks.xstream.converters.collections.CollectionConverter.marshal(CollectionConverter.java:55)
	at com.thoughtworks.xstream.core.AbstractReferenceMarshaller.convert(AbstractReferenceMarshaller.java:69)
	at com.thoughtworks.xstream.core.TreeMarshaller.convertAnother(TreeMarshaller.java:58)
	at com.thoughtworks.xstream.core.AbstractReferenceMarshaller$1.convertAnother(AbstractReferenceMarshaller.java:84)
	at com.thoughtworks.xstream.converters.reflection.AbstractReflectionConverter.marshallField(AbstractReflectionConverter.java:229)
	at com.thoughtworks.xstream.converters.reflection.AbstractReflectionConverter$2.writeField(AbstractReflectionConverter.java:208)
	at com.thoughtworks.xstream.converters.reflection.AbstractReflectionConverter$2.<init>(AbstractReflectionConverter.java:171)
	at com.thoughtworks.xstream.converters.reflection.AbstractReflectionConverter.doMarshal(AbstractReflectionConverter.java:116)
	at com.thoughtworks.xstream.converters.reflection.AbstractReflectionConverter.marshal(AbstractReflectionConverter.java:72)
	at com.thoughtworks.xstream.core.AbstractReferenceMarshaller.convert(AbstractReferenceMarshaller.java:69)
	at com.thoughtworks.xstream.core.TreeMarshaller.convertAnother(TreeMarshaller.java:58)
	at com.thoughtworks.xstream.core.AbstractReferenceMarshaller$1.convertAnother(AbstractReferenceMarshaller.java:84)
	at com.thoughtworks.xstream.converters.reflection.AbstractReflectionConverter.marshallField(AbstractReflectionConverter.java:229)
	at com.thoughtworks.xstream.converters.reflection.AbstractReflectionConverter$2.writeField(AbstractReflectionConverter.java:208)
	at com.thoughtworks.xstream.converters.reflection.AbstractReflectionConverter$2.<init>(AbstractReflectionConverter.java:171)
	at com.thoughtworks.xstream.converters.reflection.AbstractReflectionConverter.doMarshal(AbstractReflectionConverter.java:116)
	at com.thoughtworks.xstream.converters.reflection.AbstractReflectionConverter.marshal(AbstractReflectionConverter.java:72)
	at com.thoughtworks.xstream.core.AbstractReferenceMarshaller.convert(AbstractReferenceMarshaller.java:69)
	at com.thoughtworks.xstream.core.TreeMarshaller.convertAnother(TreeMarshaller.java:58)
	at com.thoughtworks.xstream.core.TreeMarshaller.convertAnother(TreeMarshaller.java:43)
	at com.thoughtworks.xstream.core.TreeMarshaller.start(TreeMarshaller.java:82)
	at com.thoughtworks.xstream.core.AbstractTreeMarshallingStrategy.marshal(AbstractTreeMarshallingStrategy.java:37)
	at com.thoughtworks.xstream.XStream.marshal(XStream.java:895)
	at com.thoughtworks.xstream.XStream.marshal(XStream.java:884)
	at com.thoughtworks.xstream.XStream.toXML(XStream.java:872)
	at de.schuette.cobra2D.system.Cobra2DLoader.serialize(Cobra2DLoader.java:48)
	at de.schuette.cobra2D.system.Cobra2DLoader.saveLevel(Cobra2DLoader.java:31)
	at de.schuette.cobra2D.system.Cobra2DEngine.saveLevel(Cobra2DEngine.java:511)
	at de.schuette.cobra2DSandbox.camera.AdvancedMapCamera.saveLevelSnapshot(AdvancedMapCamera.java:101)
	at de.schuette.cobra2DSandbox.camera.AdvancedMapCamera.keyPressed(AdvancedMapCamera.java:77)
	at de.schuette.cobra2D.controller.SinglePlayerController.keyPressed(SinglePlayerController.java:43)
	at java.awt.Component.processKeyEvent(Component.java:6491)
	at java.awt.Component.processEvent(Component.java:6310)
	at java.awt.Container.processEvent(Container.java:2236)
	at java.awt.Window.processEvent(Window.java:2025)
	at java.awt.Component.dispatchEventImpl(Component.java:4889)
	at java.awt.Container.dispatchEventImpl(Container.java:2294)
	at java.awt.Window.dispatchEventImpl(Window.java:2746)
	at java.awt.Component.dispatchEvent(Component.java:4711)
	at java.awt.KeyboardFocusManager.redispatchEvent(KeyboardFocusManager.java:1954)
	at java.awt.DefaultKeyboardFocusManager.dispatchKeyEvent(DefaultKeyboardFocusManager.java:806)
	at java.awt.DefaultKeyboardFocusManager.preDispatchKeyEvent(DefaultKeyboardFocusManager.java:1074)
	at java.awt.DefaultKeyboardFocusManager.typeAheadAssertions(DefaultKeyboardFocusManager.java:945)
	at java.awt.DefaultKeyboardFocusManager.dispatchEvent(DefaultKeyboardFocusManager.java:771)
	at java.awt.Component.dispatchEventImpl(Component.java:4760)
	at java.awt.Container.dispatchEventImpl(Container.java:2294)
	at java.awt.Window.dispatchEventImpl(Window.java:2746)
	at java.awt.Component.dispatchEvent(Component.java:4711)
	at java.awt.EventQueue.dispatchEventImpl(EventQueue.java:758)
	at java.awt.EventQueue.access$500(EventQueue.java:97)
	at java.awt.EventQueue$3.run(EventQueue.java:709)
	at java.awt.EventQueue$3.run(EventQueue.java:703)
	at java.security.AccessController.doPrivileged(Native Method)
	at java.security.ProtectionDomain$JavaSecurityAccessImpl.doIntersectionPrivilege(ProtectionDomain.java:80)
	at java.security.ProtectionDomain$JavaSecurityAccessImpl.doIntersectionPrivilege(ProtectionDomain.java:90)
	at java.awt.EventQueue$4.run(EventQueue.java:731)
	at java.awt.EventQueue$4.run(EventQueue.java:729)
	at java.security.AccessController.doPrivileged(Native Method)
	at java.security.ProtectionDomain$JavaSecurityAccessImpl.doIntersectionPrivilege(ProtectionDomain.java:80)
	at java.awt.EventQueue.dispatchEvent(EventQueue.java:728)
	at java.awt.EventDispatchThread.pumpOneEventForFilters(EventDispatchThread.java:201)
	at java.awt.EventDispatchThread.pumpEventsForFilter(EventDispatchThread.java:116)
	at java.awt.EventDispatchThread.pumpEventsForHierarchy(EventDispatchThread.java:105)
	at java.awt.EventDispatchThread.pumpEvents(EventDispatchThread.java:101)
	at java.awt.EventDispatchThread.pumpEvents(EventDispatchThread.java:93)
	at java.awt.EventDispatchThread.run(EventDispatchThread.java:82)
11:31:36,688  INFO [Cobra2DEngine] - Engine resumed.
11:31:58,672  INFO [Cobra2DEngine] - Pausing engine to save level state.
11:31:58,685  INFO [Cobra2DEngine] - Failed to save levelfile.
java.lang.ArrayIndexOutOfBoundsException: -1
	at com.thoughtworks.xstream.core.util.OrderRetainingMap.entrySet(OrderRetainingMap.java:77)
	at java.util.HashMap.putMapEntries(HashMap.java:511)
	at java.util.HashMap.putAll(HashMap.java:784)
	at com.thoughtworks.xstream.core.util.OrderRetainingMap.<init>(OrderRetainingMap.java:36)
	at com.thoughtworks.xstream.converters.reflection.FieldDictionary.buildMap(FieldDictionary.java:135)
	at com.thoughtworks.xstream.converters.reflection.FieldDictionary.fieldsFor(FieldDictionary.java:76)
	at com.thoughtworks.xstream.converters.reflection.PureJavaReflectionProvider.visitSerializableFields(PureJavaReflectionProvider.java:126)
	at com.thoughtworks.xstream.converters.reflection.AbstractReflectionConverter.doMarshal(AbstractReflectionConverter.java:81)
	at com.thoughtworks.xstream.converters.reflection.AbstractReflectionConverter.marshal(AbstractReflectionConverter.java:72)
	at com.thoughtworks.xstream.core.AbstractReferenceMarshaller.convert(AbstractReferenceMarshaller.java:69)
	at com.thoughtworks.xstream.core.TreeMarshaller.convertAnother(TreeMarshaller.java:58)
	at com.thoughtworks.xstream.core.TreeMarshaller.convertAnother(TreeMarshaller.java:43)
	at com.thoughtworks.xstream.core.AbstractReferenceMarshaller$1.convertAnother(AbstractReferenceMarshaller.java:88)
	at com.thoughtworks.xstream.converters.collections.AbstractCollectionConverter.writeItem(AbstractCollectionConverter.java:64)
	at com.thoughtworks.xstream.converters.collections.CollectionConverter.marshal(CollectionConverter.java:55)
	at com.thoughtworks.xstream.core.AbstractReferenceMarshaller.convert(AbstractReferenceMarshaller.java:69)
	at com.thoughtworks.xstream.core.TreeMarshaller.convertAnother(TreeMarshaller.java:58)
	at com.thoughtworks.xstream.core.AbstractReferenceMarshaller$1.convertAnother(AbstractReferenceMarshaller.java:84)
	at com.thoughtworks.xstream.converters.reflection.AbstractReflectionConverter.marshallField(AbstractReflectionConverter.java:229)
	at com.thoughtworks.xstream.converters.reflection.AbstractReflectionConverter$2.writeField(AbstractReflectionConverter.java:208)
	at com.thoughtworks.xstream.converters.reflection.AbstractReflectionConverter$2.<init>(AbstractReflectionConverter.java:171)
	at com.thoughtworks.xstream.converters.reflection.AbstractReflectionConverter.doMarshal(AbstractReflectionConverter.java:116)
	at com.thoughtworks.xstream.converters.reflection.AbstractReflectionConverter.marshal(AbstractReflectionConverter.java:72)
	at com.thoughtworks.xstream.core.AbstractReferenceMarshaller.convert(AbstractReferenceMarshaller.java:69)
	at com.thoughtworks.xstream.core.TreeMarshaller.convertAnother(TreeMarshaller.java:58)
	at com.thoughtworks.xstream.core.AbstractReferenceMarshaller$1.convertAnother(AbstractReferenceMarshaller.java:84)
	at com.thoughtworks.xstream.converters.reflection.AbstractReflectionConverter.marshallField(AbstractReflectionConverter.java:229)
	at com.thoughtworks.xstream.converters.reflection.AbstractReflectionConverter$2.writeField(AbstractReflectionConverter.java:208)
	at com.thoughtworks.xstream.converters.reflection.AbstractReflectionConverter$2.<init>(AbstractReflectionConverter.java:171)
	at com.thoughtworks.xstream.converters.reflection.AbstractReflectionConverter.doMarshal(AbstractReflectionConverter.java:116)
	at com.thoughtworks.xstream.converters.reflection.AbstractReflectionConverter.marshal(AbstractReflectionConverter.java:72)
	at com.thoughtworks.xstream.core.AbstractReferenceMarshaller.convert(AbstractReferenceMarshaller.java:69)
	at com.thoughtworks.xstream.core.TreeMarshaller.convertAnother(TreeMarshaller.java:58)
	at com.thoughtworks.xstream.core.TreeMarshaller.convertAnother(TreeMarshaller.java:43)
	at com.thoughtworks.xstream.core.TreeMarshaller.start(TreeMarshaller.java:82)
	at com.thoughtworks.xstream.core.AbstractTreeMarshallingStrategy.marshal(AbstractTreeMarshallingStrategy.java:37)
	at com.thoughtworks.xstream.XStream.marshal(XStream.java:895)
	at com.thoughtworks.xstream.XStream.marshal(XStream.java:884)
	at com.thoughtworks.xstream.XStream.toXML(XStream.java:872)
	at de.schuette.cobra2D.system.Cobra2DLoader.serialize(Cobra2DLoader.java:48)
	at de.schuette.cobra2D.system.Cobra2DLoader.saveLevel(Cobra2DLoader.java:31)
	at de.schuette.cobra2D.system.Cobra2DEngine.saveLevel(Cobra2DEngine.java:511)
	at de.schuette.cobra2DSandbox.camera.AdvancedMapCamera.saveLevelSnapshot(AdvancedMapCamera.java:101)
	at de.schuette.cobra2DSandbox.camera.AdvancedMapCamera.keyPressed(AdvancedMapCamera.java:77)
	at de.schuette.cobra2D.controller.SinglePlayerController.keyPressed(SinglePlayerController.java:43)
	at java.awt.Component.processKeyEvent(Component.java:6491)
	at java.awt.Component.processEvent(Component.java:6310)
	at java.awt.Container.processEvent(Container.java:2236)
	at java.awt.Window.processEvent(Window.java:2025)
	at java.awt.Component.dispatchEventImpl(Component.java:4889)
	at java.awt.Container.dispatchEventImpl(Container.java:2294)
	at java.awt.Window.dispatchEventImpl(Window.java:2746)
	at java.awt.Component.dispatchEvent(Component.java:4711)
	at java.awt.KeyboardFocusManager.redispatchEvent(KeyboardFocusManager.java:1954)
	at java.awt.DefaultKeyboardFocusManager.dispatchKeyEvent(DefaultKeyboardFocusManager.java:806)
	at java.awt.DefaultKeyboardFocusManager.preDispatchKeyEvent(DefaultKeyboardFocusManager.java:1074)
	at java.awt.DefaultKeyboardFocusManager.typeAheadAssertions(DefaultKeyboardFocusManager.java:945)
	at java.awt.DefaultKeyboardFocusManager.dispatchEvent(DefaultKeyboardFocusManager.java:771)
	at java.awt.Component.dispatchEventImpl(Component.java:4760)
	at java.awt.Container.dispatchEventImpl(Container.java:2294)
	at java.awt.Window.dispatchEventImpl(Window.java:2746)
	at java.awt.Component.dispatchEvent(Component.java:4711)
	at java.awt.EventQueue.dispatchEventImpl(EventQueue.java:758)
	at java.awt.EventQueue.access$500(EventQueue.java:97)
	at java.awt.EventQueue$3.run(EventQueue.java:709)
	at java.awt.EventQueue$3.run(EventQueue.java:703)
	at java.security.AccessController.doPrivileged(Native Method)
	at java.security.ProtectionDomain$JavaSecurityAccessImpl.doIntersectionPrivilege(ProtectionDomain.java:80)
	at java.security.ProtectionDomain$JavaSecurityAccessImpl.doIntersectionPrivilege(ProtectionDomain.java:90)
	at java.awt.EventQueue$4.run(EventQueue.java:731)
	at java.awt.EventQueue$4.run(EventQueue.java:729)
	at java.security.AccessController.doPrivileged(Native Method)
	at java.security.ProtectionDomain$JavaSecurityAccessImpl.doIntersectionPrivilege(ProtectionDomain.java:80)
	at java.awt.EventQueue.dispatchEvent(EventQueue.java:728)
	at java.awt.EventDispatchThread.pumpOneEventForFilters(EventDispatchThread.java:201)
	at java.awt.EventDispatchThread.pumpEventsForFilter(EventDispatchThread.java:116)
	at java.awt.EventDispatchThread.pumpEventsForHierarchy(EventDispatchThread.java:105)
	at java.awt.EventDispatchThread.pumpEvents(EventDispatchThread.java:101)
	at java.awt.EventDispatchThread.pumpEvents(EventDispatchThread.java:93)
	at java.awt.EventDispatchThread.run(EventDispatchThread.java:82)
11:31:58,686  INFO [Cobra2DEngine] - Engine resumed.
11:31:59,172  INFO [Cobra2DEngine] - Pausing engine to save level state.
11:31:59,177  INFO [Cobra2DEngine] - Failed to save levelfile.
java.lang.ArrayIndexOutOfBoundsException: -1
	at com.thoughtworks.xstream.core.util.OrderRetainingMap.entrySet(OrderRetainingMap.java:77)
	at java.util.HashMap.putMapEntries(HashMap.java:511)
	at java.util.HashMap.putAll(HashMap.java:784)
	at com.thoughtworks.xstream.core.util.OrderRetainingMap.<init>(OrderRetainingMap.java:36)
	at com.thoughtworks.xstream.converters.reflection.FieldDictionary.buildMap(FieldDictionary.java:135)
	at com.thoughtworks.xstream.converters.reflection.FieldDictionary.fieldsFor(FieldDictionary.java:76)
	at com.thoughtworks.xstream.converters.reflection.PureJavaReflectionProvider.visitSerializableFields(PureJavaReflectionProvider.java:126)
	at com.thoughtworks.xstream.converters.reflection.AbstractReflectionConverter.doMarshal(AbstractReflectionConverter.java:81)
	at com.thoughtworks.xstream.converters.reflection.AbstractReflectionConverter.marshal(AbstractReflectionConverter.java:72)
	at com.thoughtworks.xstream.core.AbstractReferenceMarshaller.convert(AbstractReferenceMarshaller.java:69)
	at com.thoughtworks.xstream.core.TreeMarshaller.convertAnother(TreeMarshaller.java:58)
	at com.thoughtworks.xstream.core.TreeMarshaller.convertAnother(TreeMarshaller.java:43)
	at com.thoughtworks.xstream.core.AbstractReferenceMarshaller$1.convertAnother(AbstractReferenceMarshaller.java:88)
	at com.thoughtworks.xstream.converters.collections.AbstractCollectionConverter.writeItem(AbstractCollectionConverter.java:64)
	at com.thoughtworks.xstream.converters.collections.CollectionConverter.marshal(CollectionConverter.java:55)
	at com.thoughtworks.xstream.core.AbstractReferenceMarshaller.convert(AbstractReferenceMarshaller.java:69)
	at com.thoughtworks.xstream.core.TreeMarshaller.convertAnother(TreeMarshaller.java:58)
	at com.thoughtworks.xstream.core.AbstractReferenceMarshaller$1.convertAnother(AbstractReferenceMarshaller.java:84)
	at com.thoughtworks.xstream.converters.reflection.AbstractReflectionConverter.marshallField(AbstractReflectionConverter.java:229)
	at com.thoughtworks.xstream.converters.reflection.AbstractReflectionConverter$2.writeField(AbstractReflectionConverter.java:208)
	at com.thoughtworks.xstream.converters.reflection.AbstractReflectionConverter$2.<init>(AbstractReflectionConverter.java:171)
	at com.thoughtworks.xstream.converters.reflection.AbstractReflectionConverter.doMarshal(AbstractReflectionConverter.java:116)
	at com.thoughtworks.xstream.converters.reflection.AbstractReflectionConverter.marshal(AbstractReflectionConverter.java:72)
	at com.thoughtworks.xstream.core.AbstractReferenceMarshaller.convert(AbstractReferenceMarshaller.java:69)
	at com.thoughtworks.xstream.core.TreeMarshaller.convertAnother(TreeMarshaller.java:58)
	at com.thoughtworks.xstream.core.AbstractReferenceMarshaller$1.convertAnother(AbstractReferenceMarshaller.java:84)
	at com.thoughtworks.xstream.converters.reflection.AbstractReflectionConverter.marshallField(AbstractReflectionConverter.java:229)
	at com.thoughtworks.xstream.converters.reflection.AbstractReflectionConverter$2.writeField(AbstractReflectionConverter.java:208)
	at com.thoughtworks.xstream.converters.reflection.AbstractReflectionConverter$2.<init>(AbstractReflectionConverter.java:171)
	at com.thoughtworks.xstream.converters.reflection.AbstractReflectionConverter.doMarshal(AbstractReflectionConverter.java:116)
	at com.thoughtworks.xstream.converters.reflection.AbstractReflectionConverter.marshal(AbstractReflectionConverter.java:72)
	at com.thoughtworks.xstream.core.AbstractReferenceMarshaller.convert(AbstractReferenceMarshaller.java:69)
	at com.thoughtworks.xstream.core.TreeMarshaller.convertAnother(TreeMarshaller.java:58)
	at com.thoughtworks.xstream.core.TreeMarshaller.convertAnother(TreeMarshaller.java:43)
	at com.thoughtworks.xstream.core.TreeMarshaller.start(TreeMarshaller.java:82)
	at com.thoughtworks.xstream.core.AbstractTreeMarshallingStrategy.marshal(AbstractTreeMarshallingStrategy.java:37)
	at com.thoughtworks.xstream.XStream.marshal(XStream.java:895)
	at com.thoughtworks.xstream.XStream.marshal(XStream.java:884)
	at com.thoughtworks.xstream.XStream.toXML(XStream.java:872)
	at de.schuette.cobra2D.system.Cobra2DLoader.serialize(Cobra2DLoader.java:48)
	at de.schuette.cobra2D.system.Cobra2DLoader.saveLevel(Cobra2DLoader.java:31)
	at de.schuette.cobra2D.system.Cobra2DEngine.saveLevel(Cobra2DEngine.java:511)
	at de.schuette.cobra2DSandbox.camera.AdvancedMapCamera.saveLevelSnapshot(AdvancedMapCamera.java:101)
	at de.schuette.cobra2DSandbox.camera.AdvancedMapCamera.keyPressed(AdvancedMapCamera.java:77)
	at de.schuette.cobra2D.controller.SinglePlayerController.keyPressed(SinglePlayerController.java:43)
	at java.awt.Component.processKeyEvent(Component.java:6491)
	at java.awt.Component.processEvent(Component.java:6310)
	at java.awt.Container.processEvent(Container.java:2236)
	at java.awt.Window.processEvent(Window.java:2025)
	at java.awt.Component.dispatchEventImpl(Component.java:4889)
	at java.awt.Container.dispatchEventImpl(Container.java:2294)
	at java.awt.Window.dispatchEventImpl(Window.java:2746)
	at java.awt.Component.dispatchEvent(Component.java:4711)
	at java.awt.KeyboardFocusManager.redispatchEvent(KeyboardFocusManager.java:1954)
	at java.awt.DefaultKeyboardFocusManager.dispatchKeyEvent(DefaultKeyboardFocusManager.java:806)
	at java.awt.DefaultKeyboardFocusManager.preDispatchKeyEvent(DefaultKeyboardFocusManager.java:1074)
	at java.awt.DefaultKeyboardFocusManager.typeAheadAssertions(DefaultKeyboardFocusManager.java:945)
	at java.awt.DefaultKeyboardFocusManager.dispatchEvent(DefaultKeyboardFocusManager.java:771)
	at java.awt.Component.dispatchEventImpl(Component.java:4760)
	at java.awt.Container.dispatchEventImpl(Container.java:2294)
	at java.awt.Window.dispatchEventImpl(Window.java:2746)
	at java.awt.Component.dispatchEvent(Component.java:4711)
	at java.awt.EventQueue.dispatchEventImpl(EventQueue.java:758)
	at java.awt.EventQueue.access$500(EventQueue.java:97)
	at java.awt.EventQueue$3.run(EventQueue.java:709)
	at java.awt.EventQueue$3.run(EventQueue.java:703)
	at java.security.AccessController.doPrivileged(Native Method)
	at java.security.ProtectionDomain$JavaSecurityAccessImpl.doIntersectionPrivilege(ProtectionDomain.java:80)
	at java.security.ProtectionDomain$JavaSecurityAccessImpl.doIntersectionPrivilege(ProtectionDomain.java:90)
	at java.awt.EventQueue$4.run(EventQueue.java:731)
	at java.awt.EventQueue$4.run(EventQueue.java:729)
	at java.security.AccessController.doPrivileged(Native Method)
	at java.security.ProtectionDomain$JavaSecurityAccessImpl.doIntersectionPrivilege(ProtectionDomain.java:80)
	at java.awt.EventQueue.dispatchEvent(EventQueue.java:728)
	at java.awt.EventDispatchThread.pumpOneEventForFilters(EventDispatchThread.java:201)
	at java.awt.EventDispatchThread.pumpEventsForFilter(EventDispatchThread.java:116)
	at java.awt.EventDispatchThread.pumpEventsForHierarchy(EventDispatchThread.java:105)
	at java.awt.EventDispatchThread.pumpEvents(EventDispatchThread.java:101)
	at java.awt.EventDispatchThread.pumpEvents(EventDispatchThread.java:93)
	at java.awt.EventDispatchThread.run(EventDispatchThread.java:82)
11:31:59,178  INFO [Cobra2DEngine] - Engine resumed.
11:31:59,205  INFO [Cobra2DEngine] - Pausing engine to save level state.
11:31:59,216  INFO [Cobra2DEngine] - Failed to save levelfile.
java.lang.ArrayIndexOutOfBoundsException: -1
	at com.thoughtworks.xstream.core.util.OrderRetainingMap.entrySet(OrderRetainingMap.java:77)
	at java.util.HashMap.putMapEntries(HashMap.java:511)
	at java.util.HashMap.putAll(HashMap.java:784)
	at com.thoughtworks.xstream.core.util.OrderRetainingMap.<init>(OrderRetainingMap.java:36)
	at com.thoughtworks.xstream.converters.reflection.FieldDictionary.buildMap(FieldDictionary.java:135)
	at com.thoughtworks.xstream.converters.reflection.FieldDictionary.fieldsFor(FieldDictionary.java:76)
	at com.thoughtworks.xstream.converters.reflection.PureJavaReflectionProvider.visitSerializableFields(PureJavaReflectionProvider.java:126)
	at com.thoughtworks.xstream.converters.reflection.AbstractReflectionConverter.doMarshal(AbstractReflectionConverter.java:81)
	at com.thoughtworks.xstream.converters.reflection.AbstractReflectionConverter.marshal(AbstractReflectionConverter.java:72)
	at com.thoughtworks.xstream.core.AbstractReferenceMarshaller.convert(AbstractReferenceMarshaller.java:69)
	at com.thoughtworks.xstream.core.TreeMarshaller.convertAnother(TreeMarshaller.java:58)
	at com.thoughtworks.xstream.core.TreeMarshaller.convertAnother(TreeMarshaller.java:43)
	at com.thoughtworks.xstream.core.AbstractReferenceMarshaller$1.convertAnother(AbstractReferenceMarshaller.java:88)
	at com.thoughtworks.xstream.converters.collections.AbstractCollectionConverter.writeItem(AbstractCollectionConverter.java:64)
	at com.thoughtworks.xstream.converters.collections.CollectionConverter.marshal(CollectionConverter.java:55)
	at com.thoughtworks.xstream.core.AbstractReferenceMarshaller.convert(AbstractReferenceMarshaller.java:69)
	at com.thoughtworks.xstream.core.TreeMarshaller.convertAnother(TreeMarshaller.java:58)
	at com.thoughtworks.xstream.core.AbstractReferenceMarshaller$1.convertAnother(AbstractReferenceMarshaller.java:84)
	at com.thoughtworks.xstream.converters.reflection.AbstractReflectionConverter.marshallField(AbstractReflectionConverter.java:229)
	at com.thoughtworks.xstream.converters.reflection.AbstractReflectionConverter$2.writeField(AbstractReflectionConverter.java:208)
	at com.thoughtworks.xstream.converters.reflection.AbstractReflectionConverter$2.<init>(AbstractReflectionConverter.java:171)
	at com.thoughtworks.xstream.converters.reflection.AbstractReflectionConverter.doMarshal(AbstractReflectionConverter.java:116)
	at com.thoughtworks.xstream.converters.reflection.AbstractReflectionConverter.marshal(AbstractReflectionConverter.java:72)
	at com.thoughtworks.xstream.core.AbstractReferenceMarshaller.convert(AbstractReferenceMarshaller.java:69)
	at com.thoughtworks.xstream.core.TreeMarshaller.convertAnother(TreeMarshaller.java:58)
	at com.thoughtworks.xstream.core.AbstractReferenceMarshaller$1.convertAnother(AbstractReferenceMarshaller.java:84)
	at com.thoughtworks.xstream.converters.reflection.AbstractReflectionConverter.marshallField(AbstractReflectionConverter.java:229)
	at com.thoughtworks.xstream.converters.reflection.AbstractReflectionConverter$2.writeField(AbstractReflectionConverter.java:208)
	at com.thoughtworks.xstream.converters.reflection.AbstractReflectionConverter$2.<init>(AbstractReflectionConverter.java:171)
	at com.thoughtworks.xstream.converters.reflection.AbstractReflectionConverter.doMarshal(AbstractReflectionConverter.java:116)
	at com.thoughtworks.xstream.converters.reflection.AbstractReflectionConverter.marshal(AbstractReflectionConverter.java:72)
	at com.thoughtworks.xstream.core.AbstractReferenceMarshaller.convert(AbstractReferenceMarshaller.java:69)
	at com.thoughtworks.xstream.core.TreeMarshaller.convertAnother(TreeMarshaller.java:58)
	at com.thoughtworks.xstream.core.TreeMarshaller.convertAnother(TreeMarshaller.java:43)
	at com.thoughtworks.xstream.core.TreeMarshaller.start(TreeMarshaller.java:82)
	at com.thoughtworks.xstream.core.AbstractTreeMarshallingStrategy.marshal(AbstractTreeMarshallingStrategy.java:37)
	at com.thoughtworks.xstream.XStream.marshal(XStream.java:895)
	at com.thoughtworks.xstream.XStream.marshal(XStream.java:884)
	at com.thoughtworks.xstream.XStream.toXML(XStream.java:872)
	at de.schuette.cobra2D.system.Cobra2DLoader.serialize(Cobra2DLoader.java:48)
	at de.schuette.cobra2D.system.Cobra2DLoader.saveLevel(Cobra2DLoader.java:31)
	at de.schuette.cobra2D.system.Cobra2DEngine.saveLevel(Cobra2DEngine.java:511)
	at de.schuette.cobra2DSandbox.camera.AdvancedMapCamera.saveLevelSnapshot(AdvancedMapCamera.java:101)
	at de.schuette.cobra2DSandbox.camera.AdvancedMapCamera.keyPressed(AdvancedMapCamera.java:77)
	at de.schuette.cobra2D.controller.SinglePlayerController.keyPressed(SinglePlayerController.java:43)
	at java.awt.Component.processKeyEvent(Component.java:6491)
	at java.awt.Component.processEvent(Component.java:6310)
	at java.awt.Container.processEvent(Container.java:2236)
	at java.awt.Window.processEvent(Window.java:2025)
	at java.awt.Component.dispatchEventImpl(Component.java:4889)
	at java.awt.Container.dispatchEventImpl(Container.java:2294)
	at java.awt.Window.dispatchEventImpl(Window.java:2746)
	at java.awt.Component.dispatchEvent(Component.java:4711)
	at java.awt.KeyboardFocusManager.redispatchEvent(KeyboardFocusManager.java:1954)
	at java.awt.DefaultKeyboardFocusManager.dispatchKeyEvent(DefaultKeyboardFocusManager.java:806)
	at java.awt.DefaultKeyboardFocusManager.preDispatchKeyEvent(DefaultKeyboardFocusManager.java:1074)
	at java.awt.DefaultKeyboardFocusManager.typeAheadAssertions(DefaultKeyboardFocusManager.java:945)
	at java.awt.DefaultKeyboardFocusManager.dispatchEvent(DefaultKeyboardFocusManager.java:771)
	at java.awt.Component.dispatchEventImpl(Component.java:4760)
	at java.awt.Container.dispatchEventImpl(Container.java:2294)
	at java.awt.Window.dispatchEventImpl(Window.java:2746)
	at java.awt.Component.dispatchEvent(Component.java:4711)
	at java.awt.EventQueue.dispatchEventImpl(EventQueue.java:758)
	at java.awt.EventQueue.access$500(EventQueue.java:97)
	at java.awt.EventQueue$3.run(EventQueue.java:709)
	at java.awt.EventQueue$3.run(EventQueue.java:703)
	at java.security.AccessController.doPrivileged(Native Method)
	at java.security.ProtectionDomain$JavaSecurityAccessImpl.doIntersectionPrivilege(ProtectionDomain.java:80)
	at java.security.ProtectionDomain$JavaSecurityAccessImpl.doIntersectionPrivilege(ProtectionDomain.java:90)
	at java.awt.EventQueue$4.run(EventQueue.java:731)
	at java.awt.EventQueue$4.run(EventQueue.java:729)
	at java.security.AccessController.doPrivileged(Native Method)
	at java.security.ProtectionDomain$JavaSecurityAccessImpl.doIntersectionPrivilege(ProtectionDomain.java:80)
	at java.awt.EventQueue.dispatchEvent(EventQueue.java:728)
	at java.awt.EventDispatchThread.pumpOneEventForFilters(EventDispatchThread.java:201)
	at java.awt.EventDispatchThread.pumpEventsForFilter(EventDispatchThread.java:116)
	at java.awt.EventDispatchThread.pumpEventsForHierarchy(EventDispatchThread.java:105)
	at java.awt.EventDispatchThread.pumpEvents(EventDispatchThread.java:101)
	at java.awt.EventDispatchThread.pumpEvents(EventDispatchThread.java:93)
	at java.awt.EventDispatchThread.run(EventDispatchThread.java:82)
11:31:59,217  INFO [Cobra2DEngine] - Engine resumed.
11:31:59,239  INFO [Cobra2DEngine] - Pausing engine to save level state.
11:31:59,245  INFO [Cobra2DEngine] - Failed to save levelfile.
java.lang.ArrayIndexOutOfBoundsException: -1
	at com.thoughtworks.xstream.core.util.OrderRetainingMap.entrySet(OrderRetainingMap.java:77)
	at java.util.HashMap.putMapEntries(HashMap.java:511)
	at java.util.HashMap.putAll(HashMap.java:784)
	at com.thoughtworks.xstream.core.util.OrderRetainingMap.<init>(OrderRetainingMap.java:36)
	at com.thoughtworks.xstream.converters.reflection.FieldDictionary.buildMap(FieldDictionary.java:135)
	at com.thoughtworks.xstream.converters.reflection.FieldDictionary.fieldsFor(FieldDictionary.java:76)
	at com.thoughtworks.xstream.converters.reflection.PureJavaReflectionProvider.visitSerializableFields(PureJavaReflectionProvider.java:126)
	at com.thoughtworks.xstream.converters.reflection.AbstractReflectionConverter.doMarshal(AbstractReflectionConverter.java:81)
	at com.thoughtworks.xstream.converters.reflection.AbstractReflectionConverter.marshal(AbstractReflectionConverter.java:72)
	at com.thoughtworks.xstream.core.AbstractReferenceMarshaller.convert(AbstractReferenceMarshaller.java:69)
	at com.thoughtworks.xstream.core.TreeMarshaller.convertAnother(TreeMarshaller.java:58)
	at com.thoughtworks.xstream.core.TreeMarshaller.convertAnother(TreeMarshaller.java:43)
	at com.thoughtworks.xstream.core.AbstractReferenceMarshaller$1.convertAnother(AbstractReferenceMarshaller.java:88)
	at com.thoughtworks.xstream.converters.collections.AbstractCollectionConverter.writeItem(AbstractCollectionConverter.java:64)
	at com.thoughtworks.xstream.converters.collections.CollectionConverter.marshal(CollectionConverter.java:55)
	at com.thoughtworks.xstream.core.AbstractReferenceMarshaller.convert(AbstractReferenceMarshaller.java:69)
	at com.thoughtworks.xstream.core.TreeMarshaller.convertAnother(TreeMarshaller.java:58)
	at com.thoughtworks.xstream.core.AbstractReferenceMarshaller$1.convertAnother(AbstractReferenceMarshaller.java:84)
	at com.thoughtworks.xstream.converters.reflection.AbstractReflectionConverter.marshallField(AbstractReflectionConverter.java:229)
	at com.thoughtworks.xstream.converters.reflection.AbstractReflectionConverter$2.writeField(AbstractReflectionConverter.java:208)
	at com.thoughtworks.xstream.converters.reflection.AbstractReflectionConverter$2.<init>(AbstractReflectionConverter.java:171)
	at com.thoughtworks.xstream.converters.reflection.AbstractReflectionConverter.doMarshal(AbstractReflectionConverter.java:116)
	at com.thoughtworks.xstream.converters.reflection.AbstractReflectionConverter.marshal(AbstractReflectionConverter.java:72)
	at com.thoughtworks.xstream.core.AbstractReferenceMarshaller.convert(AbstractReferenceMarshaller.java:69)
	at com.thoughtworks.xstream.core.TreeMarshaller.convertAnother(TreeMarshaller.java:58)
	at com.thoughtworks.xstream.core.AbstractReferenceMarshaller$1.convertAnother(AbstractReferenceMarshaller.java:84)
	at com.thoughtworks.xstream.converters.reflection.AbstractReflectionConverter.marshallField(AbstractReflectionConverter.java:229)
	at com.thoughtworks.xstream.converters.reflection.AbstractReflectionConverter$2.writeField(AbstractReflectionConverter.java:208)
	at com.thoughtworks.xstream.converters.reflection.AbstractReflectionConverter$2.<init>(AbstractReflectionConverter.java:171)
	at com.thoughtworks.xstream.converters.reflection.AbstractReflectionConverter.doMarshal(AbstractReflectionConverter.java:116)
	at com.thoughtworks.xstream.converters.reflection.AbstractReflectionConverter.marshal(AbstractReflectionConverter.java:72)
	at com.thoughtworks.xstream.core.AbstractReferenceMarshaller.convert(AbstractReferenceMarshaller.java:69)
	at com.thoughtworks.xstream.core.TreeMarshaller.convertAnother(TreeMarshaller.java:58)
	at com.thoughtworks.xstream.core.TreeMarshaller.convertAnother(TreeMarshaller.java:43)
	at com.thoughtworks.xstream.core.TreeMarshaller.start(TreeMarshaller.java:82)
	at com.thoughtworks.xstream.core.AbstractTreeMarshallingStrategy.marshal(AbstractTreeMarshallingStrategy.java:37)
	at com.thoughtworks.xstream.XStream.marshal(XStream.java:895)
	at com.thoughtworks.xstream.XStream.marshal(XStream.java:884)
	at com.thoughtworks.xstream.XStream.toXML(XStream.java:872)
	at de.schuette.cobra2D.system.Cobra2DLoader.serialize(Cobra2DLoader.java:48)
	at de.schuette.cobra2D.system.Cobra2DLoader.saveLevel(Cobra2DLoader.java:31)
	at de.schuette.cobra2D.system.Cobra2DEngine.saveLevel(Cobra2DEngine.java:511)
	at de.schuette.cobra2DSandbox.camera.AdvancedMapCamera.saveLevelSnapshot(AdvancedMapCamera.java:101)
	at de.schuette.cobra2DSandbox.camera.AdvancedMapCamera.keyPressed(AdvancedMapCamera.java:77)
	at de.schuette.cobra2D.controller.SinglePlayerController.keyPressed(SinglePlayerController.java:43)
	at java.awt.Component.processKeyEvent(Component.java:6491)
	at java.awt.Component.processEvent(Component.java:6310)
	at java.awt.Container.processEvent(Container.java:2236)
	at java.awt.Window.processEvent(Window.java:2025)
	at java.awt.Component.dispatchEventImpl(Component.java:4889)
	at java.awt.Container.dispatchEventImpl(Container.java:2294)
	at java.awt.Window.dispatchEventImpl(Window.java:2746)
	at java.awt.Component.dispatchEvent(Component.java:4711)
	at java.awt.KeyboardFocusManager.redispatchEvent(KeyboardFocusManager.java:1954)
	at java.awt.DefaultKeyboardFocusManager.dispatchKeyEvent(DefaultKeyboardFocusManager.java:806)
	at java.awt.DefaultKeyboardFocusManager.preDispatchKeyEvent(DefaultKeyboardFocusManager.java:1074)
	at java.awt.DefaultKeyboardFocusManager.typeAheadAssertions(DefaultKeyboardFocusManager.java:945)
	at java.awt.DefaultKeyboardFocusManager.dispatchEvent(DefaultKeyboardFocusManager.java:771)
	at java.awt.Component.dispatchEventImpl(Component.java:4760)
	at java.awt.Container.dispatchEventImpl(Container.java:2294)
	at java.awt.Window.dispatchEventImpl(Window.java:2746)
	at java.awt.Component.dispatchEvent(Component.java:4711)
	at java.awt.EventQueue.dispatchEventImpl(EventQueue.java:758)
	at java.awt.EventQueue.access$500(EventQueue.java:97)
	at java.awt.EventQueue$3.run(EventQueue.java:709)
	at java.awt.EventQueue$3.run(EventQueue.java:703)
	at java.security.AccessController.doPrivileged(Native Method)
	at java.security.ProtectionDomain$JavaSecurityAccessImpl.doIntersectionPrivilege(ProtectionDomain.java:80)
	at java.security.ProtectionDomain$JavaSecurityAccessImpl.doIntersectionPrivilege(ProtectionDomain.java:90)
	at java.awt.EventQueue$4.run(EventQueue.java:731)
	at java.awt.EventQueue$4.run(EventQueue.java:729)
	at java.security.AccessController.doPrivileged(Native Method)
	at java.security.ProtectionDomain$JavaSecurityAccessImpl.doIntersectionPrivilege(ProtectionDomain.java:80)
	at java.awt.EventQueue.dispatchEvent(EventQueue.java:728)
	at java.awt.EventDispatchThread.pumpOneEventForFilters(EventDispatchThread.java:201)
	at java.awt.EventDispatchThread.pumpEventsForFilter(EventDispatchThread.java:116)
	at java.awt.EventDispatchThread.pumpEventsForHierarchy(EventDispatchThread.java:105)
	at java.awt.EventDispatchThread.pumpEvents(EventDispatchThread.java:101)
	at java.awt.EventDispatchThread.pumpEvents(EventDispatchThread.java:93)
	at java.awt.EventDispatchThread.run(EventDispatchThread.java:82)
11:31:59,246  INFO [Cobra2DEngine] - Engine resumed.
